SF:lib/l10n/app_localizations.dart
DA:69,21
DA:73,3
DA:74,3
DA:1567,11
DA:1569,7
DA:1571,14
DA:1574,7
DA:1575,21
DA:1577,0
DA:1581,7
DA:1584,7
DA:1585,7
DA:1586,2
DA:1587,3
DA:1594,6
DA:1595,7
DA:1596,7
DA:1597,4
DA:1598,2
DA:1599,3
DA:1600,2
DA:1603,0
LF:22
LH:20
end_of_record
SF:lib/l10n/app_localizations_de.dart
DA:9,2
DA:11,0
DA:14,0
DA:17,0
DA:20,0
DA:23,0
DA:26,0
DA:29,0
DA:32,0
DA:35,0
DA:38,0
DA:41,0
DA:44,0
DA:47,0
DA:50,0
DA:53,0
DA:56,0
DA:59,0
DA:61,0
DA:63,0
DA:67,0
DA:70,0
DA:73,0
DA:76,0
DA:79,0
DA:82,0
DA:85,0
DA:88,0
DA:91,0
DA:94,0
DA:97,0
DA:100,0
DA:103,0
DA:106,0
DA:109,0
DA:112,0
DA:115,0
DA:118,0
DA:121,0
DA:124,0
DA:127,0
DA:130,0
DA:133,0
DA:136,0
DA:139,0
DA:142,0
DA:145,0
DA:148,0
DA:151,0
DA:154,0
DA:157,0
DA:160,0
DA:163,0
DA:166,0
DA:169,0
DA:172,0
DA:175,0
DA:178,0
DA:181,0
DA:184,0
DA:187,0
DA:190,0
DA:193,0
DA:196,0
DA:198,0
DA:201,0
DA:203,0
DA:206,0
DA:208,0
DA:211,0
DA:214,0
DA:217,0
DA:220,0
DA:223,0
DA:226,0
DA:229,0
DA:232,0
DA:235,0
DA:238,0
DA:241,0
DA:244,0
DA:247,0
DA:250,0
DA:253,0
DA:256,0
DA:258,0
DA:261,0
DA:263,0
DA:266,0
DA:269,0
DA:272,0
DA:275,0
DA:278,0
DA:281,0
DA:284,0
DA:287,0
DA:290,0
DA:293,0
DA:296,0
DA:299,0
DA:302,0
DA:305,0
DA:308,0
DA:311,0
DA:314,0
DA:317,0
DA:320,0
DA:323,0
DA:325,0
DA:328,0
DA:331,0
DA:333,0
DA:336,0
DA:339,0
DA:342,0
DA:345,0
DA:348,0
DA:350,0
DA:353,0
DA:355,0
DA:358,0
DA:360,0
DA:363,0
DA:366,0
DA:369,0
DA:372,0
DA:375,0
DA:378,0
DA:381,0
DA:383,0
DA:386,0
DA:389,0
DA:392,0
DA:395,0
DA:398,0
DA:401,0
DA:404,0
DA:406,0
DA:409,0
DA:412,0
DA:415,0
DA:418,0
DA:421,0
DA:424,0
DA:427,0
DA:430,0
DA:433,0
DA:436,0
DA:439,0
DA:442,0
DA:445,0
DA:447,0
DA:450,0
DA:452,0
DA:455,0
DA:457,0
DA:460,0
DA:462,0
DA:465,0
DA:468,0
DA:471,0
DA:474,0
DA:477,0
DA:480,0
DA:483,0
DA:486,0
DA:489,0
DA:492,0
DA:495,0
DA:498,0
DA:501,0
DA:504,0
DA:507,0
DA:510,0
DA:513,0
DA:515,0
DA:518,0
DA:520,0
DA:523,0
DA:526,0
DA:529,0
DA:532,0
DA:535,0
DA:538,0
DA:540,0
DA:543,0
DA:546,0
DA:549,0
DA:552,0
DA:555,0
DA:558,0
DA:561,0
DA:564,0
DA:567,0
DA:570,0
DA:573,0
DA:576,0
DA:579,0
DA:582,0
DA:585,0
DA:588,0
DA:591,0
DA:594,0
DA:597,0
DA:600,0
DA:603,0
DA:606,0
DA:609,0
DA:612,0
DA:615,0
DA:618,0
DA:621,0
DA:624,0
DA:627,0
DA:630,0
DA:633,0
DA:636,0
DA:639,0
DA:642,0
DA:645,0
DA:648,0
DA:651,0
DA:654,0
DA:657,0
DA:660,0
DA:663,0
DA:666,0
DA:669,0
DA:672,0
DA:675,0
DA:678,0
DA:681,0
DA:684,0
DA:687,0
DA:690,0
DA:693,0
DA:696,0
DA:699,0
DA:702,0
DA:705,0
DA:708,0
DA:711,0
DA:714,0
DA:717,0
DA:720,0
DA:723,0
DA:726,0
DA:729,0
DA:732,0
DA:735,0
DA:738,0
DA:741,0
DA:744,0
DA:747,1
DA:749,1
DA:752,0
DA:754,0
DA:757,0
DA:759,0
DA:762,0
DA:765,0
DA:768,0
DA:771,0
DA:774,0
DA:777,0
DA:780,0
DA:783,1
DA:785,1
DA:788,0
DA:790,0
DA:793,0
DA:795,0
LF:272
LH:5
end_of_record
SF:lib/l10n/app_localizations_en.dart
DA:9,4
DA:11,1
DA:14,0
DA:17,0
DA:20,0
DA:23,0
DA:26,0
DA:29,0
DA:32,0
DA:35,0
DA:38,0
DA:41,0
DA:44,0
DA:47,1
DA:50,0
DA:53,0
DA:56,0
DA:59,0
DA:61,0
DA:63,0
DA:67,0
DA:70,0
DA:73,0
DA:76,0
DA:79,0
DA:82,1
DA:85,0
DA:88,0
DA:91,0
DA:94,0
DA:97,0
DA:100,0
DA:103,0
DA:106,0
DA:109,0
DA:112,0
DA:115,0
DA:118,0
DA:121,0
DA:124,0
DA:127,0
DA:130,0
DA:133,0
DA:136,0
DA:139,0
DA:142,1
DA:145,0
DA:148,0
DA:151,1
DA:154,0
DA:157,0
DA:160,0
DA:163,0
DA:166,0
DA:169,0
DA:172,0
DA:175,0
DA:178,0
DA:181,0
DA:184,0
DA:187,0
DA:190,0
DA:193,0
DA:196,0
DA:198,0
DA:201,0
DA:203,0
DA:206,0
DA:208,0
DA:211,0
DA:214,0
DA:217,0
DA:220,1
DA:223,1
DA:226,1
DA:229,0
DA:232,0
DA:235,0
DA:238,0
DA:241,0
DA:244,0
DA:247,0
DA:250,1
DA:253,1
DA:256,1
DA:258,1
DA:261,1
DA:263,1
DA:266,1
DA:269,0
DA:272,1
DA:275,1
DA:278,0
DA:281,1
DA:284,1
DA:287,1
DA:290,1
DA:293,1
DA:296,1
DA:299,1
DA:302,1
DA:305,1
DA:308,1
DA:311,1
DA:314,1
DA:317,1
DA:320,1
DA:323,0
DA:325,0
DA:328,0
DA:331,0
DA:333,0
DA:336,0
DA:339,0
DA:342,0
DA:345,0
DA:348,0
DA:350,0
DA:353,0
DA:355,0
DA:358,0
DA:360,0
DA:363,0
DA:366,0
DA:369,0
DA:372,0
DA:375,0
DA:378,0
DA:381,0
DA:383,0
DA:386,0
DA:389,0
DA:392,0
DA:395,0
DA:398,0
DA:401,0
DA:404,0
DA:406,0
DA:409,0
DA:412,0
DA:415,0
DA:418,0
DA:421,0
DA:424,0
DA:427,0
DA:430,0
DA:433,0
DA:436,0
DA:439,0
DA:442,0
DA:445,0
DA:447,0
DA:450,0
DA:452,0
DA:455,0
DA:457,0
DA:460,0
DA:462,0
DA:465,0
DA:468,0
DA:471,0
DA:474,0
DA:477,0
DA:480,0
DA:483,0
DA:486,0
DA:489,0
DA:492,0
DA:495,0
DA:498,0
DA:501,0
DA:504,0
DA:507,0
DA:510,0
DA:513,0
DA:515,0
DA:518,0
DA:520,0
DA:523,0
DA:526,0
DA:529,0
DA:532,1
DA:535,1
DA:538,0
DA:540,0
DA:543,0
DA:546,0
DA:549,0
DA:552,0
DA:555,0
DA:558,0
DA:561,0
DA:564,0
DA:567,0
DA:570,0
DA:573,0
DA:576,0
DA:579,0
DA:582,0
DA:585,0
DA:588,0
DA:591,0
DA:594,0
DA:597,0
DA:600,0
DA:603,0
DA:606,0
DA:609,0
DA:612,0
DA:615,0
DA:618,0
DA:621,0
DA:624,0
DA:627,0
DA:630,0
DA:633,0
DA:636,0
DA:639,0
DA:642,0
DA:645,0
DA:648,0
DA:651,0
DA:654,0
DA:657,0
DA:660,0
DA:663,0
DA:666,0
DA:669,0
DA:672,0
DA:675,0
DA:678,0
DA:681,0
DA:684,0
DA:687,0
DA:690,0
DA:693,0
DA:696,0
DA:699,0
DA:702,0
DA:705,0
DA:708,0
DA:711,0
DA:714,0
DA:717,0
DA:720,0
DA:723,0
DA:726,0
DA:729,0
DA:732,0
DA:735,0
DA:738,0
DA:741,0
DA:744,0
DA:747,1
DA:749,1
DA:752,0
DA:754,0
DA:757,0
DA:759,0
DA:762,0
DA:765,0
DA:768,0
DA:771,0
DA:774,0
DA:777,0
DA:780,0
DA:783,0
DA:785,0
DA:788,0
DA:790,0
DA:793,0
DA:795,0
LF:272
LH:36
end_of_record
SF:lib/l10n/app_localizations_es.dart
DA:9,2
DA:11,0
DA:14,0
DA:17,0
DA:20,0
DA:23,0
DA:26,0
DA:29,0
DA:32,0
DA:35,0
DA:38,0
DA:41,0
DA:44,0
DA:47,0
DA:50,0
DA:53,0
DA:56,0
DA:59,0
DA:61,0
DA:63,0
DA:67,0
DA:70,0
DA:73,0
DA:76,0
DA:79,0
DA:82,0
DA:85,0
DA:88,0
DA:91,0
DA:94,0
DA:97,0
DA:100,0
DA:103,0
DA:106,0
DA:109,0
DA:112,0
DA:115,0
DA:118,0
DA:121,0
DA:124,0
DA:127,0
DA:130,0
DA:133,0
DA:136,0
DA:139,0
DA:142,0
DA:145,0
DA:148,0
DA:151,0
DA:154,0
DA:157,0
DA:160,0
DA:163,0
DA:166,0
DA:169,0
DA:172,0
DA:175,0
DA:178,0
DA:181,0
DA:184,0
DA:187,0
DA:190,0
DA:193,0
DA:196,0
DA:198,0
DA:201,0
DA:203,0
DA:206,0
DA:208,0
DA:211,0
DA:214,0
DA:217,0
DA:220,0
DA:223,0
DA:226,0
DA:229,0
DA:232,0
DA:235,0
DA:238,0
DA:241,0
DA:244,0
DA:247,0
DA:250,0
DA:253,0
DA:256,0
DA:258,0
DA:261,0
DA:263,0
DA:266,0
DA:269,0
DA:272,0
DA:275,0
DA:278,0
DA:281,0
DA:284,0
DA:287,0
DA:290,0
DA:293,0
DA:296,0
DA:299,0
DA:302,0
DA:305,0
DA:308,0
DA:311,0
DA:314,0
DA:317,0
DA:320,0
DA:323,0
DA:325,0
DA:328,0
DA:331,0
DA:333,0
DA:336,0
DA:339,0
DA:342,0
DA:345,0
DA:348,0
DA:350,0
DA:353,0
DA:355,0
DA:358,0
DA:360,0
DA:363,0
DA:366,0
DA:369,0
DA:372,0
DA:375,0
DA:378,0
DA:381,0
DA:383,0
DA:386,0
DA:389,0
DA:392,0
DA:395,0
DA:398,0
DA:401,0
DA:404,0
DA:406,0
DA:409,0
DA:412,0
DA:415,0
DA:418,0
DA:421,0
DA:424,0
DA:427,0
DA:430,0
DA:433,0
DA:436,0
DA:439,0
DA:442,0
DA:445,0
DA:447,0
DA:450,0
DA:452,0
DA:455,0
DA:457,0
DA:460,0
DA:462,0
DA:465,0
DA:468,0
DA:471,0
DA:474,0
DA:477,0
DA:480,0
DA:483,0
DA:486,0
DA:489,0
DA:492,0
DA:495,0
DA:498,0
DA:501,0
DA:504,0
DA:507,0
DA:510,0
DA:513,0
DA:515,0
DA:518,0
DA:520,0
DA:523,0
DA:526,0
DA:529,0
DA:532,0
DA:535,0
DA:538,0
DA:540,0
DA:543,0
DA:546,0
DA:549,0
DA:552,0
DA:555,0
DA:558,0
DA:561,0
DA:564,0
DA:567,0
DA:570,0
DA:573,0
DA:576,0
DA:579,0
DA:582,0
DA:585,0
DA:588,0
DA:591,0
DA:594,0
DA:597,0
DA:600,0
DA:603,0
DA:606,0
DA:609,0
DA:612,0
DA:615,0
DA:618,0
DA:621,0
DA:624,0
DA:627,0
DA:630,0
DA:633,0
DA:636,0
DA:639,0
DA:642,0
DA:645,0
DA:648,0
DA:651,0
DA:654,0
DA:657,0
DA:660,0
DA:663,0
DA:666,0
DA:669,0
DA:672,0
DA:675,0
DA:678,0
DA:681,0
DA:684,0
DA:687,0
DA:690,0
DA:693,0
DA:696,0
DA:699,0
DA:702,0
DA:705,0
DA:708,0
DA:711,0
DA:714,0
DA:717,0
DA:720,0
DA:723,0
DA:726,0
DA:729,0
DA:732,0
DA:735,0
DA:738,0
DA:741,0
DA:744,0
DA:747,1
DA:749,1
DA:752,0
DA:754,0
DA:757,0
DA:759,0
DA:762,0
DA:765,0
DA:768,0
DA:771,0
DA:774,0
DA:777,0
DA:780,0
DA:783,1
DA:785,1
DA:788,0
DA:790,0
DA:793,0
DA:795,0
LF:272
LH:5
end_of_record
SF:lib/l10n/app_localizations_fr.dart
DA:9,0
DA:11,0
DA:14,0
DA:17,0
DA:20,0
DA:23,0
DA:26,0
DA:29,0
DA:32,0
DA:35,0
DA:38,0
DA:41,0
DA:44,0
DA:47,0
DA:50,0
DA:53,0
DA:56,0
DA:59,0
DA:61,0
DA:63,0
DA:67,0
DA:70,0
DA:73,0
DA:76,0
DA:79,0
DA:82,0
DA:85,0
DA:88,0
DA:91,0
DA:94,0
DA:97,0
DA:100,0
DA:103,0
DA:106,0
DA:109,0
DA:112,0
DA:115,0
DA:118,0
DA:121,0
DA:124,0
DA:127,0
DA:130,0
DA:133,0
DA:136,0
DA:139,0
DA:142,0
DA:145,0
DA:148,0
DA:151,0
DA:154,0
DA:157,0
DA:160,0
DA:163,0
DA:166,0
DA:169,0
DA:172,0
DA:175,0
DA:178,0
DA:181,0
DA:184,0
DA:187,0
DA:190,0
DA:193,0
DA:196,0
DA:198,0
DA:201,0
DA:203,0
DA:206,0
DA:208,0
DA:211,0
DA:214,0
DA:217,0
DA:220,0
DA:223,0
DA:226,0
DA:229,0
DA:232,0
DA:235,0
DA:238,0
DA:241,0
DA:244,0
DA:247,0
DA:250,0
DA:253,0
DA:256,0
DA:258,0
DA:261,0
DA:263,0
DA:266,0
DA:269,0
DA:272,0
DA:275,0
DA:278,0
DA:281,0
DA:284,0
DA:287,0
DA:290,0
DA:293,0
DA:296,0
DA:299,0
DA:302,0
DA:305,0
DA:308,0
DA:311,0
DA:314,0
DA:317,0
DA:320,0
DA:323,0
DA:325,0
DA:328,0
DA:331,0
DA:333,0
DA:336,0
DA:339,0
DA:342,0
DA:345,0
DA:348,0
DA:350,0
DA:353,0
DA:355,0
DA:358,0
DA:360,0
DA:363,0
DA:366,0
DA:369,0
DA:372,0
DA:375,0
DA:378,0
DA:381,0
DA:383,0
DA:386,0
DA:389,0
DA:392,0
DA:395,0
DA:398,0
DA:401,0
DA:404,0
DA:406,0
DA:409,0
DA:412,0
DA:415,0
DA:418,0
DA:421,0
DA:424,0
DA:427,0
DA:430,0
DA:433,0
DA:436,0
DA:439,0
DA:442,0
DA:445,0
DA:447,0
DA:450,0
DA:452,0
DA:455,0
DA:457,0
DA:460,0
DA:462,0
DA:465,0
DA:468,0
DA:471,0
DA:474,0
DA:477,0
DA:480,0
DA:483,0
DA:486,0
DA:489,0
DA:492,0
DA:495,0
DA:498,0
DA:501,0
DA:504,0
DA:507,0
DA:510,0
DA:513,0
DA:515,0
DA:518,0
DA:520,0
DA:523,0
DA:526,0
DA:529,0
DA:532,0
DA:535,0
DA:538,0
DA:540,0
DA:543,0
DA:546,0
DA:549,0
DA:552,0
DA:555,0
DA:558,0
DA:561,0
DA:564,0
DA:567,0
DA:570,0
DA:573,0
DA:576,0
DA:579,0
DA:582,0
DA:585,0
DA:588,0
DA:591,0
DA:594,0
DA:597,0
DA:600,0
DA:603,0
DA:606,0
DA:609,0
DA:612,0
DA:615,0
DA:618,0
DA:621,0
DA:624,0
DA:627,0
DA:630,0
DA:633,0
DA:636,0
DA:639,0
DA:642,0
DA:645,0
DA:648,0
DA:651,0
DA:654,0
DA:657,0
DA:660,0
DA:663,0
DA:666,0
DA:669,0
DA:672,0
DA:675,0
DA:678,0
DA:681,0
DA:684,0
DA:687,0
DA:690,0
DA:693,0
DA:696,0
DA:699,0
DA:702,0
DA:705,0
DA:708,0
DA:711,0
DA:714,0
DA:717,0
DA:720,0
DA:723,0
DA:726,0
DA:729,0
DA:732,0
DA:735,0
DA:738,0
DA:741,0
DA:744,0
DA:747,0
DA:749,0
DA:752,0
DA:754,0
DA:757,0
DA:759,0
DA:762,0
DA:765,0
DA:768,0
DA:771,0
DA:774,0
DA:777,0
DA:780,0
DA:783,0
DA:785,0
DA:788,0
DA:790,0
DA:793,0
DA:795,0
LF:272
LH:0
end_of_record
SF:lib/l10n/app_localizations_ja.dart
DA:9,2
DA:11,0
DA:14,0
DA:17,0
DA:20,0
DA:23,0
DA:26,0
DA:29,0
DA:32,0
DA:35,0
DA:38,0
DA:41,0
DA:44,0
DA:47,0
DA:50,0
DA:53,0
DA:56,0
DA:59,0
DA:61,0
DA:63,0
DA:67,0
DA:70,0
DA:73,0
DA:76,0
DA:79,0
DA:82,0
DA:85,0
DA:88,0
DA:91,0
DA:94,0
DA:97,0
DA:100,0
DA:103,0
DA:106,0
DA:109,0
DA:112,0
DA:115,0
DA:118,0
DA:121,0
DA:124,0
DA:127,0
DA:130,0
DA:133,0
DA:136,0
DA:139,0
DA:142,0
DA:145,0
DA:148,0
DA:151,0
DA:154,0
DA:157,0
DA:160,0
DA:163,0
DA:166,0
DA:169,0
DA:172,0
DA:175,0
DA:178,0
DA:181,0
DA:184,0
DA:187,0
DA:190,0
DA:193,0
DA:196,0
DA:198,0
DA:201,0
DA:203,0
DA:206,0
DA:208,0
DA:211,0
DA:214,0
DA:217,0
DA:220,0
DA:223,0
DA:226,0
DA:229,0
DA:232,0
DA:235,0
DA:238,0
DA:241,0
DA:244,0
DA:247,0
DA:250,0
DA:253,0
DA:256,0
DA:258,0
DA:261,0
DA:263,0
DA:266,0
DA:269,0
DA:272,0
DA:275,0
DA:278,0
DA:281,0
DA:284,0
DA:287,0
DA:290,0
DA:293,0
DA:296,0
DA:299,0
DA:302,0
DA:305,0
DA:308,0
DA:311,0
DA:314,0
DA:317,0
DA:320,0
DA:323,0
DA:325,0
DA:328,0
DA:331,0
DA:333,0
DA:336,0
DA:339,0
DA:342,0
DA:345,0
DA:348,0
DA:350,0
DA:353,0
DA:355,0
DA:358,0
DA:360,0
DA:363,0
DA:366,0
DA:369,0
DA:372,0
DA:375,0
DA:378,0
DA:381,0
DA:383,0
DA:386,0
DA:389,0
DA:392,0
DA:395,0
DA:398,0
DA:401,0
DA:404,0
DA:406,0
DA:409,0
DA:412,0
DA:415,0
DA:418,0
DA:421,0
DA:424,0
DA:427,0
DA:430,0
DA:433,0
DA:436,0
DA:439,0
DA:442,0
DA:445,0
DA:447,0
DA:450,0
DA:452,0
DA:455,0
DA:457,0
DA:460,0
DA:462,0
DA:465,0
DA:468,0
DA:471,0
DA:474,0
DA:477,0
DA:480,0
DA:483,0
DA:486,0
DA:489,0
DA:492,0
DA:495,0
DA:498,0
DA:501,0
DA:504,0
DA:507,0
DA:510,0
DA:513,0
DA:515,0
DA:518,0
DA:520,0
DA:523,0
DA:526,0
DA:529,0
DA:532,0
DA:535,0
DA:538,0
DA:540,0
DA:543,0
DA:546,0
DA:549,0
DA:552,0
DA:555,0
DA:558,0
DA:561,0
DA:564,0
DA:567,0
DA:570,0
DA:573,0
DA:576,0
DA:579,0
DA:582,0
DA:585,0
DA:588,0
DA:591,0
DA:594,0
DA:597,0
DA:600,0
DA:603,0
DA:606,0
DA:609,0
DA:612,0
DA:615,0
DA:618,0
DA:621,0
DA:624,0
DA:627,0
DA:630,0
DA:633,0
DA:636,0
DA:639,0
DA:642,0
DA:645,0
DA:648,0
DA:651,0
DA:654,0
DA:657,0
DA:660,0
DA:663,0
DA:666,0
DA:669,0
DA:672,0
DA:675,0
DA:678,0
DA:681,0
DA:684,0
DA:687,0
DA:690,0
DA:693,0
DA:696,0
DA:699,0
DA:702,0
DA:705,0
DA:708,0
DA:711,0
DA:714,0
DA:717,0
DA:720,0
DA:723,0
DA:726,0
DA:729,0
DA:732,0
DA:735,0
DA:738,0
DA:741,0
DA:744,0
DA:747,1
DA:749,1
DA:752,0
DA:754,0
DA:757,0
DA:759,0
DA:762,0
DA:765,0
DA:768,0
DA:771,0
DA:774,0
DA:777,0
DA:780,0
DA:783,1
DA:785,1
DA:788,0
DA:790,0
DA:793,0
DA:795,0
LF:272
LH:5
end_of_record
SF:lib/l10n/app_localizations_pt.dart
DA:9,4
DA:11,0
DA:14,0
DA:17,0
DA:20,0
DA:23,0
DA:26,0
DA:29,0
DA:32,0
DA:35,0
DA:38,0
DA:41,0
DA:44,0
DA:47,0
DA:50,0
DA:53,0
DA:56,0
DA:59,0
DA:61,0
DA:63,0
DA:67,0
DA:70,0
DA:73,0
DA:76,0
DA:79,0
DA:82,0
DA:85,0
DA:88,0
DA:91,0
DA:94,0
DA:97,0
DA:100,0
DA:103,0
DA:106,0
DA:109,0
DA:112,0
DA:115,0
DA:118,0
DA:121,0
DA:124,0
DA:127,0
DA:130,0
DA:133,0
DA:136,0
DA:139,0
DA:142,0
DA:145,0
DA:148,0
DA:151,0
DA:154,0
DA:157,0
DA:160,0
DA:163,0
DA:166,0
DA:169,0
DA:172,0
DA:175,0
DA:178,0
DA:181,0
DA:184,0
DA:187,0
DA:190,0
DA:193,0
DA:196,0
DA:198,0
DA:201,0
DA:203,0
DA:206,0
DA:208,0
DA:211,0
DA:214,0
DA:217,0
DA:220,0
DA:223,0
DA:226,0
DA:229,0
DA:232,0
DA:235,0
DA:238,0
DA:241,0
DA:244,0
DA:247,0
DA:250,0
DA:253,0
DA:256,0
DA:258,0
DA:261,0
DA:263,0
DA:266,0
DA:269,0
DA:272,0
DA:275,0
DA:278,0
DA:281,0
DA:284,0
DA:287,0
DA:290,0
DA:293,0
DA:296,0
DA:299,0
DA:302,0
DA:305,0
DA:308,0
DA:311,0
DA:314,0
DA:317,0
DA:320,0
DA:323,0
DA:325,0
DA:328,0
DA:331,0
DA:333,0
DA:336,0
DA:339,0
DA:342,0
DA:345,0
DA:348,0
DA:350,0
DA:353,0
DA:355,0
DA:358,0
DA:360,0
DA:363,0
DA:366,0
DA:369,0
DA:372,0
DA:375,0
DA:378,0
DA:381,0
DA:383,0
DA:386,0
DA:389,0
DA:392,0
DA:395,0
DA:398,0
DA:401,0
DA:404,0
DA:406,0
DA:409,0
DA:412,0
DA:415,0
DA:418,0
DA:421,0
DA:424,0
DA:427,0
DA:430,0
DA:433,0
DA:436,0
DA:439,0
DA:442,0
DA:445,0
DA:447,0
DA:450,0
DA:452,0
DA:455,0
DA:457,0
DA:460,0
DA:462,0
DA:465,0
DA:468,0
DA:471,0
DA:474,0
DA:477,0
DA:480,0
DA:483,0
DA:486,0
DA:489,0
DA:492,0
DA:495,0
DA:498,0
DA:501,0
DA:504,0
DA:507,0
DA:510,0
DA:513,0
DA:515,0
DA:518,0
DA:520,0
DA:523,0
DA:526,0
DA:529,0
DA:532,0
DA:535,0
DA:538,0
DA:540,0
DA:543,0
DA:546,0
DA:549,0
DA:552,0
DA:555,0
DA:558,0
DA:561,0
DA:564,0
DA:567,0
DA:570,0
DA:573,0
DA:576,0
DA:579,0
DA:582,0
DA:585,0
DA:588,0
DA:591,0
DA:594,0
DA:597,0
DA:600,0
DA:603,0
DA:606,0
DA:609,0
DA:612,0
DA:615,0
DA:618,0
DA:621,0
DA:624,0
DA:627,0
DA:630,0
DA:633,0
DA:636,0
DA:639,0
DA:642,0
DA:645,0
DA:648,0
DA:651,0
DA:654,0
DA:657,0
DA:660,0
DA:663,0
DA:666,0
DA:669,0
DA:672,0
DA:675,0
DA:678,0
DA:681,0
DA:684,0
DA:687,0
DA:690,0
DA:693,0
DA:696,0
DA:699,0
DA:702,0
DA:705,0
DA:708,0
DA:711,0
DA:714,0
DA:717,0
DA:720,0
DA:723,0
DA:726,0
DA:729,0
DA:732,0
DA:735,0
DA:738,0
DA:741,0
DA:744,0
DA:747,1
DA:749,1
DA:752,0
DA:754,0
DA:757,0
DA:759,0
DA:762,0
DA:765,0
DA:768,0
DA:771,0
DA:774,0
DA:777,0
DA:780,0
DA:783,1
DA:785,1
DA:788,0
DA:790,0
DA:793,0
DA:795,0
DA:801,2
DA:803,0
DA:806,0
DA:809,0
DA:812,0
DA:815,0
DA:818,0
DA:821,0
DA:824,0
DA:827,0
DA:830,0
DA:833,0
DA:836,0
DA:839,0
DA:842,0
DA:845,0
DA:848,0
DA:851,0
DA:853,0
DA:855,0
DA:859,0
DA:862,0
DA:865,0
DA:868,0
DA:871,0
DA:874,0
DA:877,0
DA:880,0
DA:883,0
DA:886,0
DA:889,0
DA:892,0
DA:895,0
DA:898,0
DA:901,0
DA:904,0
DA:907,0
DA:910,0
DA:913,0
DA:916,0
DA:919,0
DA:922,0
DA:925,0
DA:928,0
DA:931,0
DA:934,0
DA:937,0
DA:940,0
DA:943,0
DA:946,0
DA:949,0
DA:952,0
DA:955,0
DA:958,0
DA:961,0
DA:964,0
DA:967,0
DA:970,0
DA:973,0
DA:976,0
DA:979,0
DA:982,0
DA:985,0
DA:988,0
DA:990,0
DA:993,0
DA:995,0
DA:998,0
DA:1000,0
DA:1003,0
DA:1006,0
DA:1009,0
DA:1012,0
DA:1015,0
DA:1018,0
DA:1021,0
DA:1024,0
DA:1027,0
DA:1030,0
DA:1033,0
DA:1036,0
DA:1039,0
DA:1042,0
DA:1045,0
DA:1048,0
DA:1050,0
DA:1053,0
DA:1055,0
DA:1058,0
DA:1061,0
DA:1064,0
DA:1067,0
DA:1070,0
DA:1073,0
DA:1076,0
DA:1079,0
DA:1082,0
DA:1085,0
DA:1088,0
DA:1091,0
DA:1094,0
DA:1097,0
DA:1100,0
DA:1103,0
DA:1106,0
DA:1109,0
DA:1112,0
DA:1115,0
DA:1117,0
DA:1120,0
DA:1123,0
DA:1125,0
DA:1128,0
DA:1131,0
DA:1134,0
DA:1137,0
DA:1140,0
DA:1142,0
DA:1145,0
DA:1147,0
DA:1150,0
DA:1152,0
DA:1155,0
DA:1158,0
DA:1161,0
DA:1164,0
DA:1167,0
DA:1170,0
DA:1173,0
DA:1175,0
DA:1178,0
DA:1181,0
DA:1184,0
DA:1187,0
DA:1190,0
DA:1193,0
DA:1196,0
DA:1198,0
DA:1201,0
DA:1204,0
DA:1207,0
DA:1210,0
DA:1213,0
DA:1216,0
DA:1219,0
DA:1222,0
DA:1225,0
DA:1228,0
DA:1231,0
DA:1234,0
DA:1237,0
DA:1239,0
DA:1242,0
DA:1244,0
DA:1247,0
DA:1249,0
DA:1252,0
DA:1254,0
DA:1257,0
DA:1260,0
DA:1263,0
DA:1266,0
DA:1269,0
DA:1272,0
DA:1275,0
DA:1278,0
DA:1281,0
DA:1284,0
DA:1287,0
DA:1290,0
DA:1293,0
DA:1296,0
DA:1299,0
DA:1302,0
DA:1305,0
DA:1307,0
DA:1310,0
DA:1312,0
DA:1315,0
DA:1318,0
DA:1321,0
DA:1324,0
DA:1327,0
DA:1330,0
DA:1332,0
DA:1335,0
DA:1338,0
DA:1341,0
DA:1344,0
DA:1347,0
DA:1350,0
DA:1353,0
DA:1356,0
DA:1359,0
DA:1362,0
DA:1365,0
DA:1368,0
DA:1371,0
DA:1374,0
DA:1377,0
DA:1380,0
DA:1383,0
DA:1386,0
DA:1389,0
DA:1392,0
DA:1395,0
DA:1398,0
DA:1401,0
DA:1404,0
DA:1407,0
DA:1410,0
DA:1413,0
DA:1416,0
DA:1419,0
DA:1422,0
DA:1425,0
DA:1428,0
DA:1431,0
DA:1434,0
DA:1437,0
DA:1440,0
DA:1443,0
DA:1446,0
DA:1449,0
DA:1452,0
DA:1455,0
DA:1458,0
DA:1461,0
DA:1464,0
DA:1467,0
DA:1470,0
DA:1473,0
DA:1476,0
DA:1479,0
DA:1482,0
DA:1485,0
DA:1488,0
DA:1491,0
DA:1494,0
DA:1497,0
DA:1500,0
DA:1503,0
DA:1506,0
DA:1509,0
DA:1512,0
DA:1515,0
DA:1518,0
DA:1521,0
DA:1524,0
DA:1527,0
DA:1530,0
DA:1533,0
DA:1536,0
DA:1539,1
DA:1541,1
DA:1544,0
DA:1546,0
DA:1549,0
DA:1551,0
DA:1554,0
DA:1557,0
DA:1560,0
DA:1563,0
DA:1566,0
DA:1569,0
DA:1572,0
DA:1575,1
DA:1577,1
DA:1580,0
DA:1582,0
DA:1585,0
DA:1587,0
LF:544
LH:10
end_of_record
SF:lib/services/notification_service.dart
DA:15,12
DA:16,8
DA:17,4
DA:55,2
DA:56,4
DA:58,4
DA:59,4
DA:60,3
DA:62,4
DA:64,0
DA:65,0
DA:66,0
DA:67,0
DA:69,0
DA:70,0
DA:72,0
DA:75,8
DA:76,4
DA:79,4
DA:80,4
DA:83,0
DA:102,0
DA:104,0
DA:108,0
DA:110,0
DA:114,4
DA:126,4
DA:127,3
DA:128,1
DA:129,0
DA:130,1
DA:131,1
DA:132,1
DA:133,1
DA:134,1
DA:135,1
DA:139,1
DA:140,2
DA:143,3
DA:144,0
DA:147,1
DA:151,2
DA:153,3
DA:154,3
DA:156,4
DA:159,2
DA:161,4
DA:162,2
DA:163,6
DA:166,2
DA:169,2
DA:170,2
DA:171,2
DA:174,2
DA:175,8
DA:176,2
DA:178,2
DA:180,18
DA:182,2
DA:186,2
DA:187,4
DA:188,4
DA:190,2
DA:191,2
DA:193,4
DA:194,8
DA:197,1
DA:198,9
DA:202,2
DA:205,8
DA:206,8
DA:207,6
DA:211,1
DA:212,1
DA:213,4
DA:217,0
DA:218,0
DA:219,0
DA:221,0
DA:225,0
DA:227,0
DA:229,0
DA:230,0
DA:232,0
DA:237,0
DA:239,0
DA:240,0
DA:242,0
DA:250,0
DA:251,0
DA:253,0
DA:254,0
DA:258,0
DA:259,0
DA:260,0
DA:261,0
DA:262,0
DA:266,0
DA:267,0
DA:276,4
DA:278,4
DA:279,4
DA:282,0
DA:283,0
DA:284,0
DA:285,0
DA:288,0
DA:289,0
DA:293,1
DA:295,1
DA:296,1
DA:297,5
DA:299,1
DA:301,0
DA:306,0
DA:307,0
DA:308,0
DA:309,0
DA:313,0
DA:314,0
DA:315,0
DA:316,0
DA:320,0
DA:325,0
DA:349,0
DA:350,0
DA:359,0
DA:360,0
DA:361,0
DA:362,0
DA:363,0
DA:368,0
DA:369,0
DA:370,0
DA:371,0
DA:372,0
DA:373,0
DA:378,0
DA:379,0
DA:380,0
DA:381,0
DA:382,0
DA:383,0
DA:384,0
DA:388,0
DA:389,0
DA:390,0
DA:391,0
DA:392,0
DA:393,0
DA:398,0
DA:399,0
DA:400,2
DA:403,0
DA:404,0
DA:405,0
DA:407,0
DA:408,0
DA:409,0
DA:410,0
DA:411,0
DA:414,0
DA:415,0
DA:417,0
DA:418,0
DA:430,1
DA:431,3
DA:433,1
DA:434,1
DA:435,1
DA:436,2
DA:438,3
DA:439,6
DA:440,1
DA:441,1
DA:442,2
DA:445,0
DA:446,0
DA:448,0
DA:449,0
DA:461,0
DA:462,0
DA:463,0
DA:468,0
DA:469,0
DA:471,0
DA:472,0
DA:473,0
DA:474,0
DA:476,0
DA:477,0
DA:481,0
DA:482,0
DA:483,0
DA:484,0
DA:486,0
DA:487,0
DA:490,0
DA:491,0
DA:494,0
DA:495,0
DA:498,0
DA:499,0
DA:502,0
DA:503,0
DA:506,0
DA:510,0
DA:512,0
DA:513,0
DA:514,0
DA:515,0
DA:516,0
DA:517,0
DA:518,0
DA:519,0
DA:520,0
DA:521,0
DA:523,0
DA:528,0
DA:529,0
DA:530,0
DA:533,0
DA:534,0
DA:537,0
DA:538,0
DA:541,0
DA:543,4
DA:545,8
DA:551,0
DA:554,0
LF:230
LH:83
end_of_record
SF:lib/services/notification_permissions.dart
DA:11,0
DA:13,0
DA:15,0
DA:16,0
DA:17,0
DA:20,0
DA:23,0
DA:25,0
DA:26,0
DA:27,0
DA:29,0
DA:30,0
DA:31,0
DA:32,0
DA:35,0
DA:36,0
DA:40,0
DA:42,0
DA:43,0
DA:44,0
DA:45,0
DA:46,0
DA:47,0
DA:48,0
DA:49,0
DA:52,0
DA:53,0
DA:54,0
DA:55,0
DA:57,0
DA:59,0
DA:64,0
DA:66,0
LF:33
LH:0
end_of_record
SF:lib/constants/app_constants.dart
DA:80,1
DA:81,0
DA:82,0
DA:85,1
DA:91,1
DA:92,1
DA:93,0
LF:7
LH:4
end_of_record
SF:lib/services/silence_detector.dart
DA:42,2
DA:49,0
DA:51,0
DA:52,0
DA:54,0
DA:55,0
DA:56,0
DA:60,0
DA:62,0
DA:64,0
DA:65,0
DA:66,0
DA:68,0
DA:69,0
DA:71,0
DA:72,0
DA:73,0
DA:74,0
DA:75,0
DA:78,0
DA:79,0
DA:80,0
DA:84,0
DA:85,0
DA:86,0
DA:88,0
DA:89,0
DA:91,0
DA:92,0
DA:94,0
DA:95,0
DA:96,0
DA:97,0
DA:100,0
DA:101,0
DA:102,0
DA:103,0
DA:105,0
DA:111,1
DA:113,1
DA:114,0
DA:115,0
DA:118,1
DA:119,0
DA:120,0
DA:121,0
DA:124,0
DA:125,0
DA:126,0
DA:130,0
DA:132,0
DA:134,0
DA:140,0
DA:141,0
DA:142,0
DA:147,0
DA:153,0
DA:156,0
DA:157,0
DA:159,0
DA:160,0
DA:161,0
DA:168,0
DA:169,0
DA:171,0
DA:172,0
DA:177,0
DA:180,0
DA:182,0
DA:186,0
DA:189,0
DA:194,0
DA:195,0
DA:196,0
DA:198,0
DA:199,0
DA:200,0
DA:201,0
DA:203,0
DA:208,0
DA:210,0
DA:211,0
DA:212,0
DA:214,0
DA:216,0
DA:217,0
DA:218,0
DA:220,0
DA:221,0
DA:222,0
DA:225,0
DA:227,0
DA:228,0
DA:233,0
DA:239,0
DA:242,0
DA:243,0
DA:248,0
DA:251,0
DA:254,0
DA:256,0
DA:258,0
DA:264,0
DA:265,0
DA:266,0
DA:267,0
DA:270,0
DA:271,0
DA:272,0
DA:273,0
DA:276,0
DA:277,0
DA:282,0
DA:288,0
DA:292,0
DA:293,0
DA:296,0
DA:299,0
DA:303,0
DA:306,0
DA:307,0
DA:308,0
DA:312,0
DA:315,0
DA:316,0
DA:319,0
DA:320,0
DA:322,0
DA:325,0
DA:327,0
DA:332,0
DA:334,0
DA:335,0
DA:336,0
DA:337,0
DA:338,0
DA:339,0
DA:340,0
DA:342,0
DA:344,0
DA:349,0
DA:350,0
DA:351,0
DA:355,0
DA:356,0
DA:359,0
DA:361,0
DA:362,0
DA:365,0
DA:366,0
DA:370,0
DA:372,0
DA:374,0
DA:379,1
DA:383,2
DA:384,1
DA:387,0
DA:388,0
DA:393,0
DA:395,0
DA:396,0
DA:398,0
DA:399,0
DA:400,0
DA:407,0
DA:408,0
DA:410,0
DA:411,0
DA:416,0
DA:417,0
DA:422,0
DA:425,0
DA:426,0
DA:428,0
DA:430,0
DA:431,0
DA:437,0
DA:439,0
DA:442,0
DA:443,0
DA:446,0
DA:448,0
DA:449,0
DA:455,0
DA:456,0
DA:457,0
DA:458,0
DA:459,0
DA:461,0
DA:462,0
DA:464,0
DA:465,0
DA:468,0
DA:473,0
DA:474,0
DA:475,0
DA:478,0
DA:479,0
DA:480,0
DA:482,0
DA:483,0
DA:484,0
DA:486,0
DA:487,0
DA:491,0
DA:492,0
DA:496,0
DA:497,0
DA:498,0
DA:501,0
DA:502,0
DA:503,0
DA:504,0
DA:505,0
DA:506,0
DA:507,0
DA:508,0
DA:509,0
DA:510,0
DA:511,0
DA:512,0
DA:513,0
DA:515,0
DA:522,0
DA:524,0
DA:525,0
DA:526,0
DA:527,0
DA:532,1
DA:533,1
DA:536,1
DA:537,0
DA:538,0
DA:541,0
DA:546,1
DA:547,3
DA:548,0
DA:552,0
DA:555,2
DA:558,2
DA:564,0
DA:565,0
DA:566,0
DA:567,0
DA:568,0
DA:572,0
DA:575,0
DA:578,0
DA:581,0
DA:582,0
DA:583,0
DA:587,0
DA:588,0
DA:591,0
DA:593,0
DA:594,0
DA:596,0
DA:603,0
DA:604,0
DA:605,0
DA:607,0
DA:612,0
DA:613,0
DA:617,0
DA:618,0
DA:619,0
DA:620,0
DA:621,0
DA:623,0
DA:626,0
DA:627,0
DA:628,0
DA:633,0
DA:636,0
DA:637,0
DA:640,0
DA:642,0
DA:643,0
DA:645,0
DA:649,0
DA:650,0
DA:651,0
DA:653,0
DA:657,0
DA:660,0
DA:661,0
DA:671,0
DA:680,0
DA:681,0
DA:684,0
DA:685,0
DA:686,0
DA:689,0
DA:690,0
DA:693,0
DA:697,0
DA:698,0
DA:699,0
DA:700,0
DA:701,0
DA:702,0
DA:705,0
DA:709,0
DA:710,0
DA:712,0
DA:716,0
DA:717,0
DA:718,0
DA:719,0
DA:720,0
DA:723,0
DA:727,0
DA:728,0
DA:730,0
DA:737,0
DA:739,0
DA:742,0
DA:753,0
DA:755,0
DA:756,0
DA:761,0
DA:762,0
DA:763,0
DA:766,0
DA:767,0
DA:772,0
DA:774,0
DA:776,0
DA:779,0
DA:780,0
DA:784,0
DA:790,0
DA:791,0
DA:792,0
DA:793,0
DA:794,0
DA:795,0
DA:796,0
DA:798,0
DA:802,0
DA:804,0
DA:805,0
DA:810,3
DA:813,0
DA:814,0
DA:817,0
DA:818,0
DA:819,0
DA:821,0
DA:823,0
DA:838,0
LF:351
LH:15
end_of_record
SF:lib/constants/layout_constants.dart
DA:33,1
DA:36,1
DA:38,1
DA:46,2
DA:48,2
DA:49,2
DA:50,1
DA:51,1
DA:52,0
LF:9
LH:8
end_of_record
SF:lib/models/silence_data.dart
DA:10,3
DA:20,0
DA:29,0
DA:30,0
DA:31,0
DA:32,0
DA:33,0
DA:34,0
DA:35,0
DA:36,0
DA:40,1
DA:41,1
DA:42,1
DA:43,1
DA:44,1
DA:45,1
DA:46,1
DA:47,1
DA:48,3
DA:52,1
DA:53,1
DA:54,1
DA:55,1
DA:56,1
DA:57,1
DA:58,0
DA:60,1
DA:61,2
DA:62,1
DA:63,1
DA:64,1
DA:76,0
DA:84,0
DA:85,0
DA:86,0
DA:87,0
DA:88,0
DA:89,0
DA:90,0
DA:94,0
DA:95,0
DA:96,0
DA:97,0
DA:98,0
DA:99,0
DA:100,0
LF:46
LH:21
end_of_record
SF:lib/models/subscription_tier.dart
DA:5,0
DA:7,0
DA:9,0
DA:15,0
DA:17,0
DA:19,0
DA:25,0
DA:27,0
DA:29,0
DA:36,0
DA:38,0
DA:40,0
DA:47,1
DA:49,1
DA:51,1
DA:57,0
DA:59,0
DA:61,0
DA:67,1
DA:68,1
DA:71,0
DA:75,0
DA:76,0
DA:79,0
DA:80,0
DA:83,0
DA:87,0
DA:91,0
DA:96,1
DA:98,1
DA:99,0
DA:100,1
DA:101,1
DA:102,0
DA:103,0
DA:104,0
DA:105,0
DA:106,0
DA:107,0
DA:108,0
DA:109,0
DA:110,0
DA:111,0
DA:112,0
DA:113,0
DA:119,1
DA:120,1
DA:121,1
DA:129,0
DA:132,0
DA:134,0
LF:51
LH:12
end_of_record
SF:lib/providers/accessibility_provider.dart
DA:6,4
DA:7,1
DA:11,4
DA:12,2
DA:13,1
DA:14,2
DA:15,1
DA:16,0
DA:20,4
DA:21,2
DA:22,1
DA:23,2
DA:24,1
DA:25,0
DA:29,4
DA:30,2
DA:31,1
DA:32,2
DA:33,1
DA:34,0
DA:38,4
DA:39,2
DA:40,1
DA:41,2
DA:42,1
DA:43,0
DA:48,0
DA:49,0
DA:54,4
DA:55,1
DA:56,2
DA:57,2
DA:58,2
DA:59,2
LF:34
LH:28
end_of_record
SF:lib/services/accessibility_service.dart
DA:6,3
DA:7,2
DA:8,1
DA:19,1
DA:20,1
DA:23,2
DA:25,1
DA:26,2
DA:27,0
DA:28,0
DA:29,0
DA:32,0
DA:34,0
DA:38,1
DA:44,1
DA:45,1
DA:46,1
DA:47,1
DA:51,1
DA:52,1
DA:55,1
DA:56,1
DA:59,0
DA:60,0
DA:62,0
DA:63,0
DA:65,0
DA:66,0
DA:68,0
DA:69,0
DA:71,0
DA:72,0
DA:76,0
DA:81,0
DA:82,0
DA:85,0
DA:87,0
DA:92,0
DA:93,0
DA:95,0
DA:96,0
DA:97,0
DA:101,0
DA:102,0
DA:103,0
DA:106,0
DA:107,0
DA:109,0
DA:111,0
DA:115,0
DA:116,0
DA:117,0
DA:121,0
DA:122,0
DA:126,0
DA:127,0
DA:130,0
DA:134,0
DA:137,0
DA:141,0
DA:145,0
DA:146,0
DA:150,0
DA:152,0
DA:153,0
DA:157,0
DA:160,0
DA:164,0
DA:168,0
DA:169,0
DA:173,0
DA:175,0
DA:176,0
DA:182,0
DA:183,0
DA:184,0
LF:76
LH:17
end_of_record
SF:lib/providers/silence_provider.dart
DA:9,4
DA:10,1
DA:11,1
DA:16,4
DA:17,3
DA:18,1
DA:22,4
DA:23,2
DA:24,1
DA:25,2
DA:26,1
DA:27,0
DA:31,4
DA:32,2
DA:33,1
DA:34,2
DA:35,0
DA:36,0
DA:44,4
DA:45,1
DA:51,2
DA:52,1
DA:55,1
DA:57,4
DA:58,1
DA:59,1
DA:60,2
DA:63,0
DA:64,0
DA:69,0
DA:70,0
DA:73,0
DA:74,0
DA:75,0
DA:78,0
DA:81,0
DA:82,0
DA:86,0
DA:88,0
DA:89,0
DA:94,0
DA:96,0
DA:97,0
DA:98,0
DA:99,0
DA:101,0
DA:102,0
DA:109,4
DA:110,2
DA:111,2
DA:112,1
DA:119,4
DA:120,2
DA:121,1
DA:122,2
DA:127,0
DA:128,0
DA:129,0
DA:133,4
DA:134,1
DA:138,4
DA:139,1
DA:144,2
DA:146,0
DA:147,0
DA:150,0
DA:151,0
DA:154,0
DA:155,0
DA:158,0
DA:159,0
DA:162,0
DA:163,0
DA:166,0
DA:167,0
DA:170,0
DA:171,0
DA:185,2
DA:186,1
DA:189,1
DA:191,4
DA:192,1
DA:193,1
DA:194,2
DA:197,0
DA:198,0
DA:203,0
DA:204,0
DA:207,0
DA:208,0
DA:211,0
DA:212,0
DA:213,0
DA:214,0
DA:216,0
DA:217,0
DA:218,0
DA:223,0
DA:224,0
DA:226,0
DA:227,0
DA:230,0
DA:231,0
DA:236,0
DA:237,0
DA:240,0
DA:243,0
DA:246,0
DA:247,0
DA:251,0
DA:252,0
DA:253,0
DA:256,0
DA:257,0
DA:262,0
DA:264,0
DA:265,0
DA:266,0
DA:267,0
DA:269,0
DA:270,0
DA:284,2
DA:292,0
DA:299,0
DA:300,0
DA:301,0
DA:302,0
DA:303,0
DA:304,0
LF:129
LH:45
end_of_record
SF:lib/providers/notification_provider.dart
DA:6,4
DA:7,1
DA:11,4
DA:12,2
DA:13,1
DA:14,2
DA:15,1
DA:16,0
DA:20,4
DA:21,2
DA:22,1
DA:23,2
DA:24,1
DA:25,0
DA:29,4
DA:30,2
DA:31,1
DA:32,2
DA:33,1
DA:34,0
DA:38,4
DA:39,2
DA:40,1
DA:41,2
DA:42,1
DA:43,0
DA:47,4
DA:48,2
DA:49,1
DA:50,2
DA:51,1
DA:52,0
DA:57,4
DA:58,1
DA:59,2
DA:60,2
DA:61,2
DA:62,2
DA:63,2
LF:39
LH:34
end_of_record
SF:lib/services/storage_service.dart
DA:27,1
DA:29,1
DA:31,1
DA:32,1
DA:37,1
DA:38,1
DA:42,1
DA:43,1
DA:45,1
DA:49,1
DA:50,1
DA:51,1
DA:52,1
DA:53,1
DA:54,1
DA:55,1
DA:56,1
DA:59,1
DA:64,1
DA:65,1
DA:66,1
DA:67,1
DA:68,1
DA:69,1
DA:70,1
DA:71,1
DA:72,1
DA:73,1
DA:74,1
DA:76,1
DA:77,1
DA:78,1
DA:79,1
DA:80,1
DA:85,0
DA:86,0
DA:87,0
DA:88,0
DA:89,0
DA:92,0
DA:93,0
DA:94,0
DA:95,0
DA:96,0
DA:97,0
DA:98,0
DA:99,0
DA:100,0
DA:101,0
DA:102,0
DA:103,0
DA:104,0
DA:105,0
DA:106,0
DA:107,0
DA:108,0
DA:109,0
DA:110,0
DA:111,0
DA:112,0
DA:113,0
DA:116,0
DA:117,0
DA:118,0
DA:119,0
DA:120,0
DA:121,0
DA:122,0
DA:123,0
DA:130,1
DA:131,1
DA:132,2
DA:133,1
DA:137,1
DA:138,1
DA:139,1
DA:143,1
DA:144,1
DA:155,0
DA:156,0
DA:157,0
DA:161,0
DA:162,0
DA:163,0
DA:168,0
DA:169,0
DA:170,0
DA:174,0
DA:175,0
DA:176,0
DA:181,0
DA:182,0
DA:183,0
DA:187,0
DA:188,0
DA:189,0
DA:194,0
DA:195,0
DA:196,0
DA:200,0
DA:201,0
DA:202,0
DA:207,0
DA:208,0
DA:209,0
DA:213,0
DA:214,0
DA:215,0
DA:219,0
DA:220,0
DA:221,0
DA:225,0
DA:226,0
DA:227,0
DA:231,0
DA:232,0
DA:233,0
DA:234,0
DA:238,0
DA:239,0
DA:240,0
DA:244,0
DA:245,0
DA:246,0
DA:247,0
DA:250,0
DA:251,0
DA:254,0
DA:258,0
DA:259,0
DA:260,0
DA:264,0
DA:265,0
DA:266,0
DA:269,0
DA:278,0
DA:279,0
DA:280,0
DA:282,0
DA:286,0
DA:287,0
DA:288,0
DA:291,0
DA:292,0
DA:298,0
DA:299,0
DA:300,0
DA:301,0
DA:305,0
DA:310,0
DA:311,0
DA:312,0
DA:313,0
DA:315,0
DA:317,0
DA:325,0
LF:156
LH:43
end_of_record
SF:lib/services/real_time_noise_controller.dart
DA:22,1
DA:27,1
DA:29,0
DA:30,0
DA:31,0
DA:32,0
DA:37,4
DA:38,0
DA:39,0
DA:40,0
DA:41,0
DA:42,0
DA:43,0
DA:46,3
DA:49,3
DA:51,0
DA:52,0
DA:53,0
DA:54,0
DA:55,0
DA:56,0
DA:57,0
DA:60,0
DA:62,0
DA:64,1
DA:65,1
DA:66,1
DA:67,2
DA:68,2
DA:69,2
LF:30
LH:11
end_of_record
SF:lib/providers/subscription_provider.dart
DA:7,4
DA:8,1
DA:12,4
DA:13,2
DA:14,1
DA:18,4
DA:19,2
DA:21,2
DA:22,1
DA:26,0
DA:27,0
DA:28,0
DA:32,4
DA:33,2
DA:34,1
DA:35,0
DA:36,1
DA:38,2
DA:39,2
DA:46,4
DA:47,2
DA:48,1
DA:52,0
DA:53,0
DA:54,0
DA:58,4
DA:59,2
DA:60,1
DA:61,0
DA:62,1
DA:63,2
DA:64,2
DA:71,0
DA:75,0
DA:76,0
DA:78,0
DA:79,0
DA:81,0
DA:85,0
DA:86,0
DA:88,0
DA:90,0
DA:92,0
DA:95,0
DA:100,0
DA:101,0
DA:103,0
DA:105,0
DA:107,0
DA:110,0
DA:116,0
DA:117,0
DA:118,0
DA:122,0
DA:123,0
DA:124,0
DA:126,0
DA:134,0
DA:135,0
DA:136,0
DA:137,0
DA:139,0
DA:144,0
LF:63
LH:24
end_of_record
SF:lib/services/subscription_service.dart
DA:12,2
DA:13,1
DA:16,3
DA:21,2
DA:22,0
DA:28,1
DA:29,1
DA:33,1
DA:37,1
DA:38,1
DA:39,2
DA:40,4
DA:45,0
DA:46,0
DA:51,0
DA:52,0
DA:53,0
DA:54,0
DA:57,0
DA:58,0
DA:61,0
DA:64,0
DA:66,0
DA:67,0
DA:69,0
DA:71,0
DA:72,0
DA:77,0
DA:79,0
DA:82,0
DA:83,0
DA:86,0
DA:87,0
DA:89,0
DA:90,0
DA:95,0
DA:96,0
DA:97,0
DA:101,0
DA:103,0
DA:105,0
DA:106,0
DA:109,0
DA:111,0
DA:112,0
DA:116,0
DA:122,1
DA:123,2
DA:124,0
DA:125,0
DA:128,0
DA:129,0
DA:131,0
DA:136,1
DA:138,1
DA:139,1
DA:140,1
DA:141,1
DA:143,0
DA:144,0
DA:149,0
DA:150,0
DA:154,0
DA:158,0
DA:159,0
DA:160,0
DA:168,0
DA:170,0
DA:171,0
DA:173,0
DA:176,0
DA:179,0
DA:183,0
DA:184,0
DA:191,0
DA:194,0
DA:195,0
DA:196,0
DA:197,0
DA:199,0
DA:200,0
DA:201,0
DA:202,0
DA:204,0
DA:206,0
DA:207,0
DA:208,0
DA:211,0
DA:219,0
DA:223,0
DA:224,0
DA:226,0
DA:227,0
DA:230,0
DA:231,0
DA:232,0
DA:233,0
DA:235,0
DA:241,0
DA:245,0
DA:250,0
DA:252,0
DA:258,0
DA:259,0
DA:263,0
DA:266,0
DA:269,0
DA:272,0
DA:275,0
DA:276,0
LF:110
LH:18
end_of_record
SF:lib/services/hosted_paywall_service.dart
DA:11,0
DA:12,0
DA:19,0
DA:22,0
DA:25,0
DA:26,0
DA:30,0
DA:32,0
DA:34,0
DA:36,0
DA:37,0
DA:38,0
DA:41,0
DA:42,0
DA:52,0
DA:53,0
DA:55,0
DA:60,0
DA:62,0
DA:63,0
DA:64,0
DA:65,0
DA:66,0
DA:67,0
DA:68,0
DA:70,0
DA:71,0
DA:72,0
DA:73,0
DA:74,0
DA:76,0
LF:31
LH:0
end_of_record
SF:lib/providers/theme_provider.dart
DA:20,1
DA:22,1
DA:24,1
DA:26,1
DA:28,1
DA:30,1
DA:32,1
DA:34,1
DA:36,1
DA:38,1
DA:40,1
DA:45,0
DA:47,0
DA:48,0
DA:49,0
DA:51,0
DA:52,0
DA:53,0
DA:54,0
DA:55,0
DA:56,0
DA:57,0
DA:62,0
DA:64,0
DA:66,0
DA:67,0
DA:68,0
DA:69,0
DA:70,0
DA:72,0
DA:73,0
DA:74,0
DA:75,0
DA:80,1
DA:82,1
DA:84,1
DA:86,1
DA:88,1
DA:90,1
DA:92,1
DA:94,1
DA:96,1
DA:98,1
DA:100,1
DA:105,1
DA:107,1
DA:108,1
DA:109,1
DA:111,1
DA:113,1
DA:115,1
DA:117,1
DA:119,1
DA:121,1
DA:123,1
DA:128,0
DA:130,0
DA:132,0
DA:134,0
DA:136,0
DA:138,0
DA:140,0
DA:142,0
DA:144,0
DA:146,0
DA:148,0
DA:155,4
DA:156,1
DA:162,2
DA:163,1
DA:166,1
DA:168,1
DA:169,1
DA:170,1
DA:171,2
DA:175,0
DA:176,0
DA:181,0
DA:183,0
DA:184,0
DA:185,0
DA:186,0
DA:193,0
DA:197,0
DA:199,0
DA:200,0
DA:201,0
DA:204,0
DA:208,0
DA:209,0
DA:210,0
LF:91
LH:42
end_of_record
SF:lib/screens/home_page.dart
DA:28,1
DA:30,1
DA:32,1
DA:33,2
DA:34,2
DA:35,3
DA:36,3
DA:37,2
DA:40,2
DA:41,2
DA:44,2
DA:45,2
DA:48,2
DA:49,1
DA:50,1
DA:51,1
DA:52,1
DA:53,1
DA:54,1
DA:57,1
DA:58,1
DA:59,1
DA:60,1
DA:61,1
DA:65,1
DA:68,3
DA:71,2
DA:72,2
DA:73,0
DA:74,0
DA:75,0
DA:77,0
DA:78,0
DA:80,2
DA:81,0
DA:82,0
DA:85,2
DA:87,1
DA:88,1
DA:89,2
DA:90,1
DA:91,1
DA:92,2
DA:93,0
DA:94,0
DA:95,0
DA:97,1
DA:99,1
DA:101,1
DA:102,3
DA:103,1
DA:107,1
DA:113,1
DA:114,1
DA:115,1
DA:116,0
DA:117,0
DA:119,0
DA:122,0
DA:124,0
DA:125,0
DA:126,0
DA:131,1
DA:132,1
DA:148,1
DA:158,1
DA:159,1
DA:160,1
DA:161,1
DA:163,1
DA:164,1
DA:166,1
DA:167,1
DA:169,1
DA:170,1
DA:172,1
DA:173,1
DA:174,1
DA:175,1
DA:176,1
DA:180,1
DA:182,1
DA:183,1
DA:186,1
DA:188,1
DA:191,1
DA:193,3
DA:197,1
DA:198,1
DA:199,1
DA:200,2
DA:202,0
DA:203,0
DA:204,0
DA:205,0
DA:206,0
DA:211,1
DA:213,2
DA:221,1
DA:222,1
DA:224,1
DA:226,1
DA:228,1
DA:230,1
DA:232,1
DA:235,1
DA:236,1
DA:238,1
DA:240,1
DA:242,1
DA:243,3
DA:244,1
DA:246,1
DA:248,1
DA:249,1
DA:252,3
DA:255,1
DA:256,2
DA:257,3
DA:263,1
DA:265,1
DA:269,1
DA:275,0
DA:277,0
DA:278,0
DA:280,0
DA:281,0
DA:285,0
DA:287,0
DA:291,1
DA:293,1
DA:295,1
DA:296,1
DA:297,1
DA:301,1
DA:302,1
DA:303,2
DA:312,1
DA:314,1
DA:316,1
DA:328,1
DA:329,1
DA:331,1
DA:332,0
DA:333,0
DA:334,0
DA:335,0
DA:343,2
DA:344,0
DA:345,0
DA:346,0
DA:347,0
DA:356,2
DA:357,0
DA:358,0
DA:359,0
DA:360,0
DA:371,0
DA:377,0
DA:378,0
DA:379,0
DA:380,0
DA:381,0
DA:384,0
DA:387,0
DA:389,0
DA:390,0
DA:391,0
DA:392,0
DA:393,0
DA:396,0
DA:397,0
DA:399,0
DA:400,0
DA:401,0
DA:404,0
DA:406,0
DA:407,0
DA:408,0
DA:409,0
DA:412,0
DA:413,0
DA:414,0
DA:417,0
DA:418,0
DA:421,0
DA:424,0
DA:430,0
DA:433,0
DA:434,0
DA:435,0
DA:436,0
DA:437,0
DA:438,0
DA:439,0
DA:448,0
DA:450,0
DA:451,0
DA:452,0
DA:453,0
DA:456,0
DA:457,0
DA:458,0
DA:460,0
DA:463,0
DA:468,0
DA:471,0
DA:472,0
DA:479,0
DA:484,0
DA:485,0
DA:488,0
DA:491,0
DA:494,0
DA:497,0
DA:502,1
DA:503,2
DA:504,1
DA:507,0
DA:508,0
DA:509,0
DA:510,0
DA:512,0
DA:517,0
DA:518,0
DA:519,0
DA:520,0
DA:522,0
DA:523,0
DA:524,0
DA:525,0
DA:536,1
DA:539,1
DA:540,1
DA:546,1
DA:548,1
DA:549,1
DA:552,1
DA:553,1
DA:554,1
DA:556,4
DA:558,0
DA:562,1
DA:563,2
LF:244
LH:131
end_of_record
SF:lib/screens/settings_sheet.dart
DA:19,2
DA:20,1
DA:22,2
DA:23,3
DA:24,4
DA:27,0
DA:28,0
DA:29,0
DA:31,0
DA:32,0
DA:35,0
DA:37,0
DA:38,0
DA:40,0
DA:42,0
DA:47,1
DA:48,1
DA:49,1
DA:50,3
DA:53,1
DA:55,2
DA:56,1
DA:60,1
DA:61,3
DA:62,1
DA:65,1
DA:67,2
DA:68,7
DA:71,2
DA:72,3
DA:73,3
DA:74,3
DA:76,1
DA:77,1
DA:78,0
DA:79,0
DA:80,3
DA:81,1
DA:82,1
DA:83,1
DA:92,1
DA:93,1
DA:95,2
DA:98,1
DA:100,1
DA:102,1
DA:104,1
DA:107,3
DA:108,1
DA:109,3
DA:110,3
DA:113,0
DA:120,1
DA:123,1
DA:124,1
DA:125,1
DA:128,2
DA:132,2
DA:135,0
DA:137,1
DA:138,0
DA:141,0
DA:142,0
DA:144,0
DA:145,0
DA:146,0
DA:154,1
DA:155,2
DA:156,2
DA:157,2
DA:158,2
DA:159,2
DA:160,7
DA:162,1
DA:163,4
DA:165,1
DA:166,0
DA:167,1
DA:169,1
DA:170,4
DA:171,1
DA:173,2
DA:174,4
DA:176,4
DA:177,7
DA:184,10
DA:186,1
DA:188,2
DA:189,2
DA:191,1
DA:192,1
DA:194,0
DA:199,1
DA:200,1
DA:202,1
DA:209,1
DA:210,1
DA:212,2
DA:213,2
DA:216,2
DA:217,0
DA:218,0
DA:219,0
DA:221,0
DA:225,1
DA:227,2
DA:228,2
DA:231,2
DA:232,0
DA:234,1
DA:236,2
DA:237,2
DA:239,0
DA:243,0
DA:246,1
DA:248,2
DA:249,2
DA:251,0
DA:258,1
DA:259,1
DA:261,2
DA:262,1
DA:263,1
DA:265,2
DA:266,2
DA:267,4
DA:269,7
DA:272,3
DA:274,3
DA:276,4
DA:281,1
DA:282,1
DA:284,2
DA:285,7
DA:287,2
DA:288,3
DA:289,3
DA:290,3
DA:291,3
DA:300,1
DA:301,2
DA:302,2
DA:303,6
DA:305,1
DA:306,2
DA:308,4
DA:312,2
DA:313,6
DA:314,1
DA:315,1
DA:320,2
DA:324,6
DA:326,1
DA:327,1
DA:329,5
DA:330,10
DA:336,1
DA:338,1
DA:339,1
DA:341,1
DA:342,1
DA:344,2
DA:345,2
DA:346,8
DA:348,1
DA:351,1
DA:353,8
DA:354,4
DA:359,12
DA:361,12
DA:368,3
DA:369,8
DA:370,5
DA:373,2
DA:375,1
DA:376,1
DA:378,2
DA:379,4
DA:381,8
DA:386,0
DA:387,0
DA:388,0
DA:390,0
DA:391,0
DA:392,0
DA:393,0
DA:394,0
DA:395,0
DA:396,0
DA:397,0
DA:398,0
DA:403,0
DA:404,0
DA:405,0
DA:406,0
DA:407,0
DA:408,0
DA:413,0
DA:414,0
DA:416,0
DA:417,0
DA:418,0
DA:421,0
DA:422,0
DA:423,0
DA:425,0
DA:428,0
DA:431,0
DA:432,0
DA:433,0
DA:434,0
DA:435,0
DA:436,0
DA:440,0
DA:441,0
DA:442,0
DA:444,0
DA:445,0
DA:446,0
DA:447,0
DA:449,0
DA:451,0
DA:452,0
DA:453,0
DA:455,0
DA:457,0
DA:458,0
DA:459,0
DA:462,0
DA:467,0
DA:469,0
DA:470,0
DA:471,0
DA:474,0
DA:479,0
DA:481,0
DA:482,0
DA:484,0
DA:485,0
DA:488,0
DA:489,0
DA:490,0
DA:491,0
DA:493,0
DA:495,0
DA:499,0
DA:500,0
DA:501,0
DA:502,0
DA:504,0
DA:506,0
DA:512,0
DA:513,0
DA:515,0
DA:516,0
DA:518,0
DA:521,0
DA:524,0
DA:526,0
DA:527,0
DA:528,0
DA:529,0
DA:530,0
DA:531,0
DA:532,0
DA:536,0
DA:541,0
DA:543,0
DA:544,0
DA:546,0
DA:550,0
DA:551,0
DA:552,0
DA:553,0
DA:557,0
DA:558,0
DA:559,0
DA:564,0
DA:565,0
DA:568,0
DA:569,0
DA:572,0
DA:573,0
DA:576,0
DA:578,0
DA:582,0
DA:583,0
DA:584,0
DA:585,0
DA:586,0
DA:587,0
DA:589,0
DA:590,0
DA:591,0
DA:592,0
DA:593,0
DA:594,0
DA:595,0
DA:596,0
DA:598,0
DA:600,0
DA:601,0
DA:602,0
DA:604,0
DA:606,0
DA:607,0
DA:608,0
DA:610,0
DA:612,0
DA:613,0
DA:614,0
DA:616,0
DA:620,0
DA:621,0
DA:622,0
DA:632,0
DA:633,0
DA:642,0
DA:644,0
DA:645,0
DA:648,0
DA:650,0
DA:651,0
DA:652,0
DA:654,0
DA:655,0
DA:656,0
DA:660,0
DA:661,0
DA:662,0
DA:663,0
DA:664,0
DA:665,0
DA:666,0
DA:669,0
DA:670,0
DA:671,0
DA:672,0
DA:678,0
DA:680,0
DA:681,0
DA:682,0
DA:684,0
DA:686,0
DA:687,0
DA:688,0
DA:691,0
DA:692,0
DA:694,0
DA:695,0
DA:696,0
DA:697,0
DA:698,0
DA:699,0
DA:701,0
DA:703,0
DA:705,0
DA:706,0
DA:708,0
DA:709,0
DA:710,0
DA:711,0
DA:712,0
DA:713,0
DA:714,0
DA:715,0
DA:716,0
DA:717,0
DA:718,0
DA:720,0
DA:725,0
DA:726,0
DA:732,0
DA:735,0
DA:736,0
DA:737,0
DA:738,0
DA:739,0
LF:378
LH:149
end_of_record
SF:lib/widgets/progress_ring.dart
DA:14,1
DA:26,1
DA:28,1
DA:29,3
DA:30,3
DA:33,2
DA:35,1
DA:36,1
DA:37,1
DA:38,1
DA:39,1
DA:40,1
DA:42,1
DA:43,1
DA:44,1
DA:50,1
DA:51,1
DA:53,1
DA:55,1
DA:56,3
DA:57,1
DA:60,1
DA:65,1
DA:66,0
DA:67,0
DA:68,0
DA:71,0
DA:76,1
DA:77,1
DA:78,2
DA:79,2
DA:81,1
DA:83,1
DA:86,1
DA:88,1
DA:89,0
DA:94,1
DA:95,1
DA:96,3
DA:97,1
DA:99,1
DA:102,1
DA:103,1
DA:104,3
DA:106,1
DA:121,0
DA:122,0
DA:125,0
DA:126,0
DA:128,0
DA:129,0
DA:131,0
DA:132,0
DA:133,0
DA:135,0
DA:136,0
DA:148,1
DA:154,1
DA:156,5
DA:157,4
DA:159,1
DA:160,2
DA:161,2
DA:162,1
DA:163,1
DA:166,1
DA:167,1
DA:168,2
DA:169,3
DA:175,0
LF:70
LH:53
end_of_record
SF:lib/widgets/practice_overview_widget.dart
DA:8,1
DA:13,1
DA:15,1
DA:17,1
DA:19,1
DA:20,2
DA:21,1
DA:22,1
DA:23,3
DA:26,1
DA:28,1
DA:29,1
DA:31,1
DA:37,1
DA:38,1
DA:39,1
DA:40,1
DA:42,3
DA:46,1
DA:48,4
DA:56,1
DA:58,1
DA:59,1
DA:61,1
DA:62,1
DA:63,1
DA:65,3
DA:68,2
DA:71,1
DA:72,1
DA:74,3
DA:77,2
DA:80,1
DA:81,1
DA:83,3
DA:86,2
DA:92,1
DA:94,1
DA:96,1
DA:99,1
DA:101,1
DA:103,1
DA:110,1
DA:111,1
DA:113,1
DA:114,1
DA:116,1
DA:118,1
DA:119,1
DA:121,1
DA:123,4
DA:132,1
DA:134,1
DA:136,3
DA:143,1
DA:144,1
DA:145,1
DA:151,1
DA:152,1
DA:160,3
DA:161,1
DA:163,1
DA:166,1
DA:167,1
DA:169,3
DA:175,1
DA:178,1
DA:181,1
DA:184,1
DA:185,2
DA:186,1
DA:187,1
DA:188,1
DA:194,3
DA:206,1
DA:207,1
DA:208,1
DA:213,2
DA:214,2
DA:215,2
DA:218,4
DA:219,1
DA:221,2
DA:222,1
DA:223,0
DA:224,0
DA:225,0
DA:226,1
DA:228,2
DA:231,1
DA:238,1
DA:239,1
DA:240,6
DA:241,1
DA:250,1
DA:265,1
DA:273,1
DA:275,6
DA:276,4
DA:277,2
DA:279,1
DA:282,1
DA:283,1
DA:285,1
DA:286,1
DA:288,0
DA:289,4
DA:290,1
DA:294,1
DA:296,1
DA:297,1
DA:298,4
LF:112
LH:108
end_of_record
SF:lib/widgets/real_time_noise_chart.dart
DA:16,1
DA:22,1
DA:24,1
DA:25,2
DA:26,2
DA:29,2
DA:30,1
DA:31,1
DA:32,1
DA:33,1
DA:36,2
DA:37,2
DA:39,1
DA:42,2
DA:43,2
DA:44,0
DA:45,0
DA:48,1
DA:51,2
DA:57,0
DA:59,0
DA:60,0
DA:63,0
DA:64,0
DA:65,0
DA:66,0
DA:67,0
DA:69,0
DA:73,2
DA:74,0
DA:75,0
DA:76,0
DA:77,0
DA:80,1
DA:83,1
DA:84,0
DA:85,0
DA:89,0
DA:93,1
DA:95,0
DA:96,0
DA:100,1
DA:101,0
DA:102,0
DA:103,0
DA:104,0
DA:105,0
DA:109,1
DA:111,1
DA:112,1
DA:113,1
DA:114,1
DA:115,1
DA:118,3
DA:121,2
DA:125,1
DA:127,0
DA:129,0
DA:133,0
DA:136,1
DA:137,1
DA:139,1
DA:141,1
DA:143,1
DA:144,2
DA:145,1
DA:147,1
DA:148,1
DA:150,1
DA:152,1
DA:153,1
DA:155,3
DA:159,1
DA:160,1
DA:161,1
DA:164,1
DA:165,3
DA:166,0
DA:167,2
DA:172,1
DA:173,3
DA:174,3
DA:176,3
DA:177,0
DA:178,2
DA:188,1
DA:189,2
DA:190,1
DA:191,1
DA:194,1
DA:195,1
DA:196,1
DA:198,1
DA:199,0
DA:200,3
DA:203,1
DA:204,1
DA:205,1
DA:208,3
DA:209,1
DA:210,0
DA:211,3
DA:219,2
DA:221,1
DA:222,1
DA:224,3
DA:225,3
DA:237,0
DA:238,0
DA:239,0
DA:243,0
DA:244,0
DA:245,0
DA:250,0
DA:255,0
DA:256,0
DA:259,0
DA:260,0
DA:261,0
DA:262,0
DA:263,0
DA:272,0
DA:277,0
DA:279,0
DA:280,0
DA:281,0
DA:283,0
DA:284,0
DA:285,0
DA:286,0
DA:287,0
DA:288,0
DA:289,0
DA:290,0
DA:296,0
DA:298,0
DA:301,0
DA:302,0
DA:303,0
DA:304,0
DA:305,0
DA:306,0
DA:307,0
DA:313,0
DA:314,0
DA:316,0
DA:318,0
DA:320,0
DA:331,0
DA:338,0
DA:339,0
DA:340,0
DA:344,0
DA:345,0
DA:346,0
DA:349,0
DA:350,0
DA:355,0
DA:356,0
DA:359,0
DA:362,0
DA:363,0
DA:368,0
DA:369,0
DA:370,0
DA:373,0
DA:376,0
DA:377,0
DA:380,0
DA:381,0
DA:387,0
DA:388,0
DA:389,0
DA:391,0
DA:392,0
DA:393,0
DA:394,0
DA:395,0
DA:396,0
DA:397,0
DA:398,0
DA:399,0
DA:401,0
DA:405,0
DA:406,0
DA:407,0
DA:410,0
DA:415,0
DA:416,0
DA:417,0
DA:418,0
DA:423,0
DA:424,0
DA:425,0
DA:427,0
DA:429,0
DA:432,0
DA:437,0
DA:442,0
DA:443,0
DA:446,0
DA:447,0
DA:448,0
DA:449,0
DA:450,0
DA:451,0
DA:452,0
DA:453,0
DA:454,0
DA:455,0
DA:458,0
DA:459,0
DA:460,0
DA:461,0
DA:463,0
DA:466,0
DA:470,0
DA:472,0
DA:473,0
DA:474,0
LF:220
LH:75
end_of_record
SF:lib/widgets/advanced_analytics_widget.dart
DA:10,1
DA:12,0
DA:14,0
DA:15,0
DA:16,0
DA:17,0
DA:21,0
DA:22,0
DA:23,0
DA:24,0
DA:25,0
DA:26,0
DA:27,0
DA:33,0
DA:36,0
DA:37,0
DA:38,0
DA:39,0
DA:41,0
DA:43,0
DA:44,0
DA:45,0
DA:47,0
DA:50,0
DA:51,0
DA:52,0
DA:54,0
DA:56,0
DA:58,0
DA:65,0
DA:66,0
DA:67,0
DA:68,0
DA:69,0
DA:70,0
DA:71,0
DA:72,0
DA:73,0
DA:80,0
DA:81,0
DA:82,0
DA:83,0
DA:84,0
DA:91,0
DA:92,0
DA:93,0
DA:94,0
DA:95,0
DA:96,0
DA:97,0
DA:99,0
DA:101,0
DA:102,0
DA:107,0
DA:108,0
DA:109,0
DA:110,0
DA:111,0
DA:112,0
DA:114,0
DA:115,0
DA:116,0
DA:117,0
DA:118,0
DA:120,0
DA:121,0
DA:122,0
DA:125,0
DA:126,0
DA:128,0
DA:129,0
DA:130,0
DA:131,0
DA:132,0
DA:134,0
DA:137,0
DA:140,0
DA:141,0
DA:143,0
DA:144,0
DA:145,0
DA:146,0
DA:147,0
DA:148,0
DA:149,0
DA:150,0
DA:151,0
DA:154,0
DA:161,0
DA:163,0
DA:164,0
DA:165,0
DA:166,0
DA:172,0
DA:173,0
DA:174,0
DA:175,0
DA:176,0
DA:180,0
DA:181,0
DA:182,0
DA:183,0
DA:185,0
DA:186,0
DA:187,0
DA:189,0
DA:190,0
DA:191,0
DA:192,0
DA:195,0
DA:201,0
DA:203,0
DA:204,0
DA:205,0
DA:206,0
DA:207,0
DA:208,0
DA:209,0
DA:210,0
DA:212,0
DA:213,0
DA:214,0
DA:215,0
DA:216,0
DA:217,0
DA:219,0
DA:220,0
DA:221,0
DA:222,0
DA:223,0
LF:130
LH:1
end_of_record
SF:lib/widgets/feature_gate.dart
DA:10,1
DA:25,1
DA:28,2
DA:29,4
DA:32,0
DA:35,1
DA:36,0
DA:39,1
DA:40,1
DA:46,1
DA:49,1
DA:51,1
DA:52,3
DA:53,1
DA:54,1
DA:55,4
DA:58,1
DA:59,1
DA:60,1
DA:61,1
DA:63,1
DA:64,4
DA:65,1
DA:67,1
DA:70,3
DA:74,1
DA:75,1
DA:78,1
DA:79,1
DA:81,4
DA:83,3
DA:87,1
DA:88,2
DA:89,4
DA:90,3
DA:99,1
DA:101,1
DA:102,0
DA:103,1
DA:108,1
DA:110,4
DA:111,3
DA:123,1
DA:125,1
DA:127,1
DA:129,0
DA:131,0
DA:133,0
DA:135,0
DA:137,0
DA:139,0
DA:146,0
DA:148,0
DA:150,0
DA:152,0
DA:155,0
DA:157,0
DA:158,0
DA:162,0
DA:163,0
DA:164,0
DA:166,0
DA:167,0
DA:168,0
DA:169,0
DA:181,0
DA:186,0
DA:188,0
DA:190,0
DA:192,0
DA:193,0
DA:194,0
DA:198,0
DA:199,0
DA:200,0
DA:202,0
DA:205,0
DA:216,0
DA:223,0
DA:226,0
LF:80
LH:42
end_of_record
SF:lib/widgets/error_boundary.dart
DA:12,1
DA:20,1
DA:21,1
DA:28,1
DA:30,1
DA:33,2
DA:34,0
DA:35,0
DA:36,0
DA:38,0
DA:39,0
DA:41,0
DA:43,0
DA:45,0
DA:50,0
DA:51,0
DA:53,0
DA:58,1
DA:61,3
DA:62,1
DA:64,1
DA:67,1
DA:69,1
DA:70,0
DA:74,2
DA:77,0
DA:78,0
DA:81,0
DA:85,0
DA:86,0
DA:88,0
DA:90,0
DA:91,0
DA:92,0
DA:93,0
DA:94,0
DA:98,0
DA:100,0
DA:101,0
DA:103,0
DA:107,0
DA:108,0
DA:109,0
DA:110,0
DA:116,0
DA:118,0
DA:119,0
DA:124,0
DA:125,0
DA:126,0
DA:127,0
DA:137,0
DA:138,0
DA:139,0
DA:140,0
DA:152,1
DA:159,1
DA:161,1
DA:162,1
DA:163,1
DA:164,1
DA:165,0
DA:168,0
DA:177,0
DA:178,0
LF:65
LH:19
end_of_record
SF:lib/widgets/audio_safe_widget.dart
DA:12,1
DA:19,1
DA:20,1
DA:30,1
DA:32,1
DA:35,2
DA:36,0
DA:37,0
DA:38,0
DA:41,0
DA:42,0
DA:45,0
DA:46,0
DA:48,0
DA:54,1
DA:56,1
DA:58,3
DA:59,1
DA:61,1
DA:64,0
DA:65,0
DA:79,0
DA:80,0
DA:87,0
DA:88,0
DA:94,0
DA:95,0
DA:103,0
DA:104,0
DA:106,0
DA:109,0
DA:110,0
DA:113,0
DA:114,0
DA:116,0
DA:118,0
DA:119,0
DA:123,0
DA:124,0
DA:126,0
DA:127,0
DA:128,0
DA:130,0
DA:131,0
DA:137,1
DA:139,1
DA:140,0
DA:144,1
DA:145,1
DA:147,2
DA:150,0
DA:152,0
DA:153,0
DA:155,0
DA:156,0
DA:159,0
DA:161,0
DA:171,0
DA:172,0
DA:174,0
DA:176,0
DA:177,0
DA:178,0
DA:179,0
DA:180,0
DA:184,0
DA:186,0
DA:187,0
DA:189,0
DA:193,0
DA:195,0
DA:196,0
DA:202,0
DA:203,0
DA:206,0
DA:207,0
DA:213,0
DA:215,0
DA:216,0
DA:217,0
DA:218,0
DA:219,0
DA:233,0
DA:234,0
LF:84
LH:16
end_of_record
SF:lib/widgets/permission_dialogs.dart
DA:7,0
DA:8,0
DA:9,0
DA:12,0
DA:15,0
DA:16,0
DA:17,0
DA:18,0
DA:19,0
DA:20,0
DA:21,0
DA:30,0
DA:31,0
DA:32,0
DA:35,0
DA:38,0
DA:39,0
DA:40,0
DA:41,0
DA:42,0
DA:43,0
DA:44,0
LF:22
LH:0
end_of_record
SF:lib/utils/debug_log.dart
DA:9,0
DA:12,1
DA:15,2
LF:3
LH:2
end_of_record
SF:lib/services/export_service.dart
DA:16,0
DA:17,0
DA:20,0
DA:23,0
DA:25,0
DA:29,0
DA:30,0
DA:31,0
DA:32,0
DA:33,0
DA:34,0
DA:35,0
DA:36,0
DA:41,0
DA:42,0
DA:43,0
DA:44,0
DA:45,0
DA:46,0
DA:49,0
DA:52,0
DA:53,0
DA:54,0
DA:57,0
DA:60,0
DA:65,0
DA:67,0
DA:70,0
DA:71,0
DA:72,0
DA:75,0
DA:76,0
DA:79,0
DA:80,0
DA:83,0
DA:84,0
DA:86,0
DA:88,0
DA:90,0
DA:97,0
DA:100,0
DA:102,0
DA:103,0
DA:104,0
DA:106,0
DA:108,0
DA:109,0
DA:111,0
DA:116,0
DA:117,0
DA:119,0
DA:120,0
DA:121,0
DA:124,0
DA:125,0
DA:127,0
DA:128,0
DA:129,0
DA:132,0
DA:133,0
DA:135,0
DA:136,0
DA:137,0
DA:144,0
DA:147,0
DA:149,0
DA:155,0
DA:158,0
DA:159,0
DA:160,0
DA:161,0
DA:163,0
DA:165,0
DA:166,0
DA:168,0
DA:170,0
DA:172,0
DA:174,0
DA:176,0
DA:178,0
DA:180,0
DA:182,0
DA:184,0
DA:189,0
DA:190,0
DA:191,0
DA:193,0
DA:195,0
DA:197,0
DA:199,0
DA:201,0
DA:203,0
DA:205,0
DA:207,0
DA:209,0
DA:215,0
DA:216,0
DA:218,0
DA:219,0
DA:224,0
DA:227,0
DA:228,0
DA:229,0
DA:239,0
DA:240,0
DA:241,0
DA:242,0
DA:246,0
DA:251,0
DA:254,0
DA:255,0
DA:259,0
DA:261,0
DA:266,0
DA:267,0
DA:268,0
DA:272,0
DA:273,0
DA:274,0
LF:119
LH:0
end_of_record
SF:lib/services/noise_calibration_service.dart
DA:11,0
DA:12,0
DA:14,0
DA:15,0
DA:16,0
DA:17,0
DA:18,0
DA:19,0
DA:22,0
DA:23,0
DA:25,0
DA:29,0
DA:30,0
DA:31,0
DA:32,0
DA:33,0
DA:36,0
DA:37,0
DA:38,0
DA:39,0
DA:42,0
DA:43,0
DA:46,0
DA:48,0
DA:51,0
DA:55,0
DA:59,0
DA:60,0
LF:28
LH:0
end_of_record
SF:lib/services/support_service.dart
DA:17,0
DA:28,0
DA:29,0
DA:39,0
DA:40,0
DA:41,0
DA:43,0
DA:45,0
DA:48,0
DA:49,0
DA:53,0
DA:54,0
DA:55,0
DA:57,0
DA:58,0
DA:59,0
DA:60,0
DA:61,0
DA:62,0
DA:63,0
DA:64,0
DA:65,0
DA:67,0
DA:68,0
DA:69,0
DA:71,0
DA:72,0
DA:73,0
DA:74,0
DA:75,0
DA:79,0
DA:86,0
DA:89,0
DA:93,0
DA:94,0
DA:97,0
DA:98,0
DA:101,0
DA:102,0
DA:105,0
DA:109,0
DA:110,0
DA:113,0
DA:114,0
DA:117,0
DA:121,0
DA:122,0
DA:125,0
DA:126,0
DA:129,0
DA:133,0
DA:137,0
DA:138,0
DA:139,0
DA:142,0
DA:143,0
DA:144,0
DA:147,0
DA:148,0
DA:149,0
DA:150,0
DA:152,0
DA:153,0
DA:154,0
DA:155,0
DA:156,0
DA:157,0
DA:160,0
DA:161,0
DA:163,0
DA:167,0
DA:172,0
DA:174,0
DA:176,0
DA:183,0
DA:184,0
DA:185,0
DA:187,0
DA:188,0
DA:190,0
DA:191,0
DA:196,0
DA:197,0
DA:198,0
DA:200,0
DA:201,0
DA:203,0
DA:204,0
LF:88
LH:0
end_of_record
SF:lib/widgets/notification_settings_widget.dart
DA:8,2
DA:10,0
DA:11,0
DA:17,0
DA:18,0
DA:19,0
DA:24,0
DA:26,0
DA:27,0
DA:28,0
DA:29,0
DA:31,0
DA:32,0
DA:33,0
DA:34,0
DA:35,0
DA:36,0
DA:37,0
DA:38,0
DA:39,0
DA:40,0
DA:41,0
DA:42,0
DA:43,0
DA:44,0
DA:46,0
DA:47,0
DA:48,0
DA:49,0
DA:50,0
DA:54,0
DA:55,0
DA:56,0
DA:59,0
DA:61,0
DA:62,0
DA:63,0
DA:65,0
DA:67,0
DA:71,0
DA:72,0
DA:75,0
DA:76,0
DA:77,0
DA:79,0
DA:81,0
DA:82,0
DA:83,0
DA:84,0
DA:86,0
DA:90,0
DA:92,0
DA:94,0
DA:95,0
DA:96,0
DA:97,0
DA:103,0
DA:104,0
DA:106,0
DA:107,0
DA:108,0
DA:114,0
DA:115,0
DA:116,0
DA:120,0
DA:126,0
DA:127,0
DA:128,0
DA:130,0
DA:132,0
DA:136,0
DA:137,0
DA:139,0
DA:141,0
DA:142,0
DA:143,0
DA:145,0
DA:146,0
DA:147,0
DA:149,0
DA:150,0
DA:151,0
DA:155,0
DA:156,0
DA:157,0
DA:158,0
DA:159,0
DA:160,0
DA:164,0
DA:166,0
DA:167,0
DA:171,0
DA:172,0
DA:173,0
DA:174,0
DA:175,0
DA:176,0
DA:182,0
DA:186,0
DA:192,0
DA:193,0
DA:194,0
DA:197,0
DA:203,0
DA:204,0
DA:205,0
DA:208,0
DA:214,0
DA:215,0
DA:216,0
DA:218,0
DA:220,0
DA:225,0
DA:226,0
DA:228,0
DA:230,0
DA:231,0
DA:234,0
DA:235,0
DA:237,0
DA:238,0
DA:239,0
DA:241,0
DA:243,0
DA:244,0
DA:245,0
DA:251,0
DA:252,0
DA:254,0
DA:255,0
DA:256,0
DA:258,0
DA:261,0
DA:262,0
DA:263,0
DA:264,0
DA:267,0
DA:273,0
DA:274,0
DA:275,0
DA:277,0
DA:279,0
DA:282,0
DA:285,0
DA:287,0
DA:290,0
DA:294,0
DA:296,0
DA:299,0
DA:315,0
DA:325,0
DA:328,0
DA:331,0
DA:333,0
DA:334,0
DA:335,0
DA:337,0
DA:339,0
DA:340,0
DA:341,0
DA:343,0
DA:347,0
DA:348,0
DA:352,0
DA:353,0
DA:355,0
DA:356,0
DA:357,0
DA:358,0
DA:360,0
DA:363,0
DA:364,0
DA:367,0
DA:369,0
DA:372,0
DA:377,0
DA:379,0
DA:381,0
DA:382,0
DA:388,0
DA:398,0
DA:404,0
DA:406,0
DA:408,0
DA:409,0
DA:410,0
DA:411,0
DA:412,0
DA:415,0
DA:416,0
DA:417,0
DA:419,0
DA:420,0
DA:421,0
DA:423,0
DA:426,0
DA:430,0
DA:431,0
DA:433,0
DA:434,0
DA:436,0
DA:440,0
DA:442,0
DA:454,0
DA:455,0
DA:456,0
DA:460,0
DA:461,0
DA:463,0
DA:465,0
DA:466,0
DA:467,0
DA:468,0
DA:469,0
DA:471,0
DA:478,0
DA:482,0
DA:483,0
DA:484,0
DA:485,0
DA:486,0
DA:488,0
DA:495,0
DA:496,0
DA:498,0
DA:505,0
DA:506,0
DA:507,0
LF:228
LH:1
end_of_record
SF:lib/widgets/theme_selector_widget.dart
DA:8,2
DA:10,1
DA:12,2
DA:13,3
DA:14,2
DA:16,1
DA:18,1
DA:19,1
DA:21,4
DA:28,1
DA:31,1
DA:33,1
DA:41,1
DA:49,1
DA:58,1
DA:66,1
DA:74,1
DA:82,1
DA:90,1
DA:98,1
DA:106,1
DA:122,1
DA:129,1
DA:132,1
DA:133,0
DA:135,0
DA:137,0
DA:143,1
DA:146,1
DA:147,1
DA:148,1
DA:150,3
DA:151,4
DA:155,1
DA:157,1
DA:159,1
DA:161,1
DA:162,1
DA:165,1
DA:166,1
DA:167,1
DA:169,1
DA:170,1
DA:177,1
DA:180,1
DA:181,1
DA:182,1
DA:192,1
DA:195,1
DA:196,1
DA:197,1
DA:209,1
DA:211,1
DA:221,1
DA:227,1
DA:229,2
DA:230,1
DA:232,4
DA:235,3
DA:236,0
DA:243,1
DA:245,1
DA:246,1
DA:247,1
DA:248,4
DA:251,0
DA:252,4
DA:258,1
DA:259,2
DA:260,4
DA:263,0
DA:264,4
LF:72
LH:66
end_of_record
SF:lib/services/advanced_analytics_service.dart
DA:14,2
DA:31,0
DA:49,2
DA:61,0
DA:62,0
DA:64,0
DA:65,0
DA:66,0
DA:67,0
DA:68,0
DA:69,0
DA:70,0
DA:72,0
DA:73,0
DA:74,0
DA:75,0
DA:76,0
DA:77,0
DA:78,0
DA:79,0
DA:80,0
DA:86,0
DA:87,0
DA:91,0
DA:92,0
DA:93,0
DA:104,0
DA:105,0
DA:106,0
DA:107,0
DA:108,0
DA:109,0
DA:110,0
DA:112,0
DA:122,0
DA:123,0
DA:124,0
DA:125,0
DA:126,0
DA:127,0
DA:136,0
DA:137,0
DA:140,0
DA:144,0
DA:145,0
DA:153,0
DA:154,0
DA:162,0
DA:163,0
DA:165,0
DA:166,0
DA:175,0
DA:177,0
DA:178,0
DA:179,0
DA:180,0
DA:181,0
DA:182,0
DA:184,0
DA:185,0
DA:186,0
DA:187,0
DA:190,0
DA:191,0
DA:192,0
DA:193,0
DA:194,0
DA:195,0
DA:196,0
DA:197,0
DA:200,0
DA:201,0
DA:202,0
DA:203,0
DA:206,0
DA:207,0
DA:208,0
DA:213,0
DA:214,0
DA:215,0
DA:216,0
DA:217,0
DA:218,0
DA:221,0
DA:222,0
DA:223,0
LF:86
LH:2
end_of_record
SF:lib/services/audio_circuit_breaker.dart
DA:54,0
DA:55,0
DA:58,0
DA:59,0
DA:60,0
DA:62,0
DA:69,0
DA:70,0
DA:71,0
DA:72,0
DA:73,0
DA:80,0
DA:81,0
DA:82,0
DA:83,0
DA:84,0
DA:90,0
DA:91,0
DA:94,0
DA:95,0
DA:96,0
DA:97,0
DA:102,0
DA:108,0
DA:109,0
DA:110,0
DA:111,0
DA:112,0
DA:114,0
DA:115,0
DA:120,0
DA:121,0
DA:122,0
DA:123,0
DA:127,0
DA:128,0
DA:129,0
DA:130,0
DA:135,0
DA:136,0
DA:137,0
DA:138,0
DA:141,0
DA:144,0
DA:146,0
DA:147,0
DA:148,0
DA:149,0
DA:151,0
DA:152,0
DA:153,0
DA:158,0
DA:159,0
DA:160,0
DA:161,0
DA:164,0
DA:168,0
DA:169,0
DA:170,0
DA:172,0
DA:173,0
DA:174,0
DA:176,0
DA:177,0
DA:183,0
DA:184,0
DA:185,0
DA:186,0
DA:189,0
DA:193,0
DA:194,0
DA:195,0
DA:196,0
DA:197,0
DA:199,0
DA:200,0
DA:201,0
DA:203,0
DA:204,0
DA:210,0
DA:211,0
DA:212,0
DA:213,0
DA:216,0
DA:220,0
DA:221,0
DA:223,0
DA:229,0
DA:230,0
DA:231,0
DA:232,0
DA:233,0
DA:236,0
DA:237,0
DA:238,0
DA:240,0
DA:241,0
DA:242,0
DA:245,0
DA:246,0
DA:250,0
DA:251,0
DA:252,0
DA:253,0
DA:254,0
DA:255,0
DA:256,0
DA:257,0
DA:258,0
DA:259,0
DA:260,0
DA:261,0
DA:262,0
DA:267,0
DA:270,0
DA:273,0
DA:276,0
DA:277,0
DA:280,0
DA:281,0
DA:284,0
DA:285,0
DA:286,0
DA:287,0
DA:288,0
DA:297,0
DA:301,0
DA:303,0
DA:310,0
DA:314,0
DA:316,0
DA:317,0
DA:320,0
DA:326,0
DA:330,0
DA:331,0
DA:332,0
DA:333,0
DA:334,0
DA:335,0
DA:336,0
DA:337,0
DA:338,0
DA:339,0
DA:340,0
DA:341,0
DA:342,0
DA:344,0
DA:352,0
DA:358,0
DA:359,0
DA:362,0
DA:364,0
DA:366,0
DA:372,0
DA:373,0
DA:377,0
DA:378,0
DA:380,0
DA:385,0
DA:388,0
DA:391,0
DA:394,0
DA:397,0
LF:164
LH:0
end_of_record
SF:lib/services/paywall_launcher.dart
DA:14,0
DA:20,0
DA:23,0
DA:27,0
DA:28,0
DA:29,0
DA:31,0
DA:35,0
DA:36,0
DA:37,0
DA:40,0
DA:45,0
DA:48,0
DA:51,0
DA:52,0
DA:53,0
DA:55,0
DA:56,0
DA:57,0
DA:59,0
DA:65,0
DA:68,0
DA:71,0
DA:72,0
DA:73,0
DA:75,0
DA:76,0
DA:78,0
DA:79,0
DA:81,0
DA:83,0
DA:84,0
DA:88,0
DA:89,0
DA:93,0
DA:94,0
DA:97,0
LF:37
LH:0
end_of_record
SF:lib/utils/throttled_logger.dart
DA:13,0
DA:18,0
DA:20,0
DA:21,0
DA:24,0
DA:25,0
DA:26,0
DA:30,0
DA:31,0
DA:35,0
DA:36,0
DA:37,0
DA:38,0
DA:43,0
LF:14
LH:0
end_of_record
SF:lib/widgets/paywall_widget.dart
DA:15,0
DA:26,0
DA:27,0
DA:37,0
DA:39,0
DA:40,0
DA:43,0
DA:44,0
DA:45,0
DA:47,0
DA:50,0
DA:51,0
DA:52,0
DA:54,0
DA:55,0
DA:65,0
DA:67,0
DA:68,0
DA:69,0
DA:71,0
DA:73,0
DA:74,0
DA:75,0
DA:76,0
DA:78,0
DA:80,0
DA:82,0
DA:84,0
DA:86,0
DA:96,0
DA:99,0
DA:100,0
DA:102,0
DA:104,0
DA:109,0
DA:110,0
DA:112,0
DA:113,0
DA:115,0
DA:125,0
DA:127,0
DA:129,0
DA:131,0
DA:134,0
DA:135,0
DA:136,0
DA:138,0
DA:141,0
DA:142,0
DA:143,0
DA:144,0
DA:146,0
DA:148,0
DA:150,0
DA:151,0
DA:153,0
DA:154,0
DA:155,0
DA:156,0
DA:157,0
DA:158,0
DA:159,0
DA:162,0
DA:164,0
DA:165,0
DA:166,0
DA:170,0
DA:171,0
DA:172,0
DA:183,0
DA:185,0
DA:186,0
DA:187,0
DA:188,0
DA:189,0
DA:190,0
DA:191,0
DA:192,0
DA:193,0
DA:194,0
DA:196,0
DA:197,0
DA:199,0
DA:200,0
DA:201,0
DA:203,0
DA:208,0
DA:211,0
DA:212,0
DA:213,0
DA:214,0
DA:216,0
DA:221,0
DA:222,0
DA:223,0
DA:224,0
DA:226,0
DA:237,0
DA:238,0
DA:239,0
DA:241,0
DA:242,0
DA:244,0
DA:246,0
DA:249,0
DA:250,0
DA:252,0
DA:253,0
DA:257,0
DA:258,0
DA:259,0
DA:262,0
DA:263,0
DA:264,0
DA:265,0
DA:267,0
DA:268,0
DA:272,0
DA:274,0
DA:275,0
DA:277,0
DA:278,0
DA:280,0
DA:282,0
DA:286,0
DA:289,0
DA:291,0
DA:292,0
DA:293,0
DA:294,0
DA:295,0
DA:296,0
DA:302,0
DA:303,0
DA:304,0
DA:305,0
DA:312,0
DA:315,0
DA:318,0
DA:321,0
DA:322,0
DA:324,0
DA:326,0
DA:336,0
DA:337,0
DA:339,0
DA:341,0
DA:343,0
DA:344,0
DA:345,0
DA:346,0
DA:348,0
DA:352,0
DA:354,0
DA:355,0
DA:356,0
DA:358,0
DA:367,0
DA:369,0
DA:371,0
DA:373,0
DA:374,0
DA:376,0
DA:377,0
DA:383,0
DA:384,0
DA:385,0
DA:386,0
DA:388,0
DA:389,0
DA:391,0
DA:393,0
DA:394,0
DA:395,0
DA:397,0
DA:403,0
DA:404,0
DA:405,0
DA:406,0
DA:411,0
DA:412,0
DA:413,0
DA:415,0
DA:419,0
DA:420,0
DA:422,0
DA:424,0
DA:426,0
DA:428,0
DA:429,0
DA:430,0
DA:431,0
DA:434,0
DA:435,0
DA:436,0
DA:438,0
DA:442,0
DA:443,0
DA:444,0
DA:446,0
DA:455,0
DA:456,0
DA:457,0
DA:458,0
DA:459,0
DA:463,0
DA:464,0
DA:465,0
DA:466,0
DA:470,0
DA:471,0
DA:472,0
DA:473,0
DA:481,0
DA:489,0
DA:490,0
DA:491,0
DA:492,0
DA:493,0
DA:494,0
DA:497,0
LF:221
LH:0
end_of_record
